Log file open, 06/15/17 04:19:23
LogInit:Display: Running engine for game: Parcial
LogPlatformFile: Not using cached read wrapper
LogInit:Display: RandInit(-277922265) SRandInit(-277922265).
LogTaskGraph: Started task graph with 5 named threads and 6 total threads with 1 sets of task threads.
LogStats: Stats thread started at 0.072820
LogInit: Using libcurl 7.47.1
LogInit:  - built for x86_64-pc-win32
LogInit:  - supports SSL with OpenSSL/1.0.2g
LogInit:  - supports HTTP deflate (compression) using libz 1.2.8
LogInit:  - other features:
LogInit:      CURL_VERSION_SSL
LogInit:      CURL_VERSION_LIBZ
LogInit:      CURL_VERSION_IPV6
LogInit:      CURL_VERSION_ASYNCHDNS
LogInit:      CURL_VERSION_LARGEFILE
LogInit:      CURL_VERSION_IDN
LogInit:  CurlRequestOptions (configurable via config and command line):
LogInit:  - bVerifyPeer = false  - Libcurl will NOT verify peer certificate
LogInit:  - bUseHttpProxy = false  - Libcurl will NOT use HTTP proxy
LogInit:  - bDontReuseConnections = false  - Libcurl will reuse connections
LogInit:  - CertBundlePath = nullptr  - Libcurl will use whatever was configured at build time.
LogInit: Build: ++UE4+Release-4.15-CL-3348071
LogInit: Engine Version: 4.15.1-3348071+++UE4+Release-4.15
LogInit: Compatible Engine Version: 4.15.0-3299760+++UE4+Release-4.15
LogInit: Net CL: 3299760
LogDevObjectVersion: Number of dev versions registered: 14
LogDevObjectVersion:   Dev-Blueprints (B0D832E4-1F89-4F0D-ACCF-7EB736FD4AA2): 8
LogDevObjectVersion:   Dev-Build (E1C64328-A22C-4D53-A36C-8E866417BD8C): 0
LogDevObjectVersion:   Dev-Core (375EC13C-06E4-48FB-B500-84F0262A717E): 2
LogDevObjectVersion:   Dev-Editor (E4B068ED-F494-42E9-A231-DA0B2E46BB41): 14
LogDevObjectVersion:   Dev-Framework (CFFC743F-43B0-4480-9391-14DF171D2073): 22
LogDevObjectVersion:   Dev-Mobile (B02B49B5-BB20-44E9-A304-32B752E40360): 0
LogDevObjectVersion:   Dev-Networking (A4E4105C-59A1-49B5-A7C5-40C4547EDFEE): 0
LogDevObjectVersion:   Dev-Online (39C831C9-5AE6-47DC-9A44-9C173E1C8E7C): 0
LogDevObjectVersion:   Dev-Physics (78F01B33-EBEA-4F98-B9B4-84EACCB95AA2): 0
LogDevObjectVersion:   Dev-Platform (6631380F-2D4D-43E0-8009-CF276956A95A): 0
LogDevObjectVersion:   Dev-Rendering (12F88B9F-8875-4AFC-A67C-D90C383ABD29): 12
LogDevObjectVersion:   Dev-Sequencer (7B5AE74C-D270-4C10-A958-57980B212A5A): 3
LogDevObjectVersion:   Dev-VR (D7296918-1DD6-4BDD-9DE2-64A83CC13884): 0
LogDevObjectVersion:   Dev-LoadTimes (C2A15278-BFE7-4AFE-6C17-90FF531DF755): 1
LogInit: Compiled (64-bit): Mar 15 2017 16:52:47
LogInit: Compiled with Visual C++: 19.00.23026.00
LogInit: Build Configuration: Development
LogInit: Branch Name: ++UE4+Release-4.15
LogInit: Command line: -EpicPortal 
LogInit: Base directory: C:/Program Files/Epic Games/UE_4.15/Engine/Binaries/Win64/
LogInit: Installed Engine Build: 1
LogInit: Presizing for max 8388607 objects, including 0 objects not considered by GC, pre-allocating 0 bytes for permanent pool.
LogInit: Object subsystem initialized
[2017.06.15-07.19.24:985][  0]LogInit: Selected Device Profile: [Windows]
[2017.06.15-07.19.24:985][  0]LogInit: Applying CVar settings loaded from the selected device profile: [Windows]
[2017.06.15-07.19.24:999][  0]LogInit: Computer: GEET-PC
[2017.06.15-07.19.24:999][  0]LogInit: User: geet
[2017.06.15-07.19.24:999][  0]LogInit: CPU Page size=65536, Cores=2
[2017.06.15-07.19.24:999][  0]LogInit: High frequency timer resolution =3.801562 MHz
[2017.06.15-07.19.24:999][  0]LogMemory: Memory total: Physical=15.0GB (15GB approx)
[2017.06.15-07.19.24:999][  0]LogMemory: Platform Memory Stats for Windows
[2017.06.15-07.19.24:999][  0]LogMemory: Process Physical Memory: 263.29 MB used, 263.29 MB peak
[2017.06.15-07.19.24:999][  0]LogMemory: Process Virtual Memory: 264.32 MB used, 264.32 MB peak
[2017.06.15-07.19.24:999][  0]LogMemory: Physical Memory: 4786.99 MB used,  10533.43 MB free, 15320.42 MB total
[2017.06.15-07.19.24:999][  0]LogMemory: Virtual Memory: 631.62 MB used,  10533.43 MB free, 8388608.00 MB total
[2017.06.15-07.19.25:125][  0]LogInit: Overriding culture en with editor configuration.
[2017.06.15-07.19.26:031][  0]LogD3D11RHI: D3D11 adapters:
[2017.06.15-07.19.26:042][  0]LogD3D11RHI:    0. 'AMD Radeon(TM) R7 Graphics' (Feature Level 11_0)
[2017.06.15-07.19.26:042][  0]LogD3D11RHI:       990/0/3840 MB DedicatedVideo/DedicatedSystem/SharedSystem, Outputs:1, VendorId:0x1002
[2017.06.15-07.19.26:042][  0]LogD3D11RHI: Chosen D3D11 Adapter: 0
[2017.06.15-07.19.26:049][  0]LogD3D11RHI: Creating new Direct3DDevice
[2017.06.15-07.19.26:049][  0]LogD3D11RHI:     GPU DeviceId: 0x130f (for the marketing name, search the web for "GPU Device Id")
[2017.06.15-07.19.26:049][  0]LogWindows: EnumDisplayDevices:
[2017.06.15-07.19.26:050][  0]LogWindows:    0. 'AMD Radeon(TM) R7 Graphics' (P:1 D:1)
[2017.06.15-07.19.26:050][  0]LogWindows:    1. 'AMD Radeon(TM) R7 Graphics' (P:0 D:0)
[2017.06.15-07.19.26:051][  0]LogWindows:    2. 'AMD Radeon(TM) R7 Graphics' (P:0 D:0)
[2017.06.15-07.19.26:051][  0]LogWindows:    3. 'AMD Radeon(TM) R7 Graphics' (P:0 D:0)
[2017.06.15-07.19.26:052][  0]LogWindows:    4. 'RDPDD Chained DD' (P:0 D:0)
[2017.06.15-07.19.26:052][  0]LogWindows:    5. 'RDP Encoder Mirror Driver' (P:0 D:0)
[2017.06.15-07.19.26:052][  0]LogWindows:    6. 'RDP Reflector Display Driver' (P:0 D:0)
[2017.06.15-07.19.26:053][  0]LogWindows: DebugString: GetVideoDriverDetailsInvalid PrimaryIsNotTheChoosenAdapter GetVideoDriverDetailsInvalid PrimaryIsNotTheChoosenAdapter GetVideoDriverDetailsInvalid PrimaryIsNotTheChoosenAdapter FoundDriverCount:4 
[2017.06.15-07.19.26:053][  0]LogD3D11RHI:     Adapter Name: AMD Radeon(TM) R7 Graphics
[2017.06.15-07.19.26:053][  0]LogD3D11RHI:   Driver Version: 14.502.1020.0 (internal:14.502.1020.0, unified:14.502.1020.0)
[2017.06.15-07.19.26:053][  0]LogD3D11RHI:      Driver Date: 3-23-2015
[2017.06.15-07.19.26:053][  0]LogRHI: Texture pool is 693 MB (70% of 990 MB)
[2017.06.15-07.19.26:084][  0]LogD3D11RHI: Async texture creation enabled
[2017.06.15-07.19.26:097][  0]LogD3D11RHI: GPU Timing Frequency: 100.000000 (Debug: 2 1)
[2017.06.15-07.19.26:098][  0]LogShaderCompilers: Guid format shader working directory is -9 characters bigger than the processId version (../../../../../../Users/geet/Documents/Parcial/Parcial/Intermediate/Shaders/WorkingDirectory/4332/).
[2017.06.15-07.19.26:098][  0]LogShaderCompilers: Cleaned the shader compiler working directory 'C:/Users/geet/AppData/Local/Temp/UnrealShaderWorkingDir/BF76FBE84B26FBC7109BA3A4BECA34F8/'.
[2017.06.15-07.19.26:098][  0]LogShaderCompilers:Display: Using Local Shader Compiler.
[2017.06.15-07.19.27:983][  0]LogTemp:Display: Loaded TP AllDesktopTargetPlatform
[2017.06.15-07.19.28:089][  0]LogTemp:Display: Loaded TP MacClientTargetPlatform
[2017.06.15-07.19.28:190][  0]LogTemp:Display: Loaded TP MacNoEditorTargetPlatform
[2017.06.15-07.19.28:293][  0]LogTemp:Display: Loaded TP MacServerTargetPlatform
[2017.06.15-07.19.28:395][  0]LogTemp:Display: Loaded TP MacTargetPlatform
[2017.06.15-07.19.28:495][  0]LogTemp:Display: Loaded TP WindowsClientTargetPlatform
[2017.06.15-07.19.28:595][  0]LogTemp:Display: Loaded TP WindowsNoEditorTargetPlatform
[2017.06.15-07.19.28:694][  0]LogTemp:Display: Loaded TP WindowsServerTargetPlatform
[2017.06.15-07.19.28:779][  0]LogTemp:Display: Loaded TP WindowsTargetPlatform
[2017.06.15-07.19.28:875][  0]LogTemp:Display: Loaded TP AndroidTargetPlatform
[2017.06.15-07.19.28:975][  0]LogTemp:Display: Loaded TP Android_ASTCTargetPlatform
[2017.06.15-07.19.29:077][  0]LogTemp:Display: Loaded TP Android_ATCTargetPlatform
[2017.06.15-07.19.29:181][  0]LogTemp:Display: Loaded TP Android_DXTTargetPlatform
[2017.06.15-07.19.29:284][  0]LogTemp:Display: Loaded TP Android_ETC1TargetPlatform
[2017.06.15-07.19.29:385][  0]LogTemp:Display: Loaded TP Android_ETC2TargetPlatform
[2017.06.15-07.19.29:586][  0]LogTemp:Display: Loaded TP Android_MultiTargetPlatform
[2017.06.15-07.19.29:586][  0]LogTemp:Display: Loaded TP Android_PVRTCTargetPlatform
[2017.06.15-07.19.29:663][  0]LogTemp:Display: Loaded TP HTML5TargetPlatform
[2017.06.15-07.19.29:818][  0]LogTemp:Display: Loaded TP IOSTargetPlatform
[2017.06.15-07.19.29:874][  0]LogTemp:Display: Loaded TP TVOSTargetPlatform
[2017.06.15-07.19.29:975][  0]LogTemp:Display: Loaded TP LinuxClientTargetPlatform
[2017.06.15-07.19.30:075][  0]LogTemp:Display: Loaded TP LinuxNoEditorTargetPlatform
[2017.06.15-07.19.30:178][  0]LogTemp:Display: Loaded TP LinuxServerTargetPlatform
[2017.06.15-07.19.30:280][  0]LogTemp:Display: Loaded TP LinuxTargetPlatform
[2017.06.15-07.19.30:280][  0]LogTargetPlatformManager:Display: Building Assets For Windows
[2017.06.15-07.19.31:105][  0]LogDerivedDataCache:Display: Max Cache Size: 512 MB
[2017.06.15-07.19.31:208][  0]LogDerivedDataCache: Loaded boot cache 0.10s 50MB C:/Users/geet/AppData/Local/UnrealEngine/4.15/DerivedDataCache/Boot.ddc.
[2017.06.15-07.19.31:208][  0]LogDerivedDataCache:Display: Loaded Boot cache: C:/Users/geet/AppData/Local/UnrealEngine/4.15/DerivedDataCache/Boot.ddc
[2017.06.15-07.19.31:208][  0]LogDerivedDataCache: FDerivedDataBackendGraph:  Pak pak cache file ../../../../../../Users/geet/Documents/Parcial/Parcial/DerivedDataCache/DDC.ddp not found, will not use a pak cache.
[2017.06.15-07.19.31:208][  0]LogDerivedDataCache: Unable to find inner node Pak for hierarchical cache Hierarchy.
[2017.06.15-07.19.31:208][  0]LogDerivedDataCache: FDerivedDataBackendGraph:  CompressedPak pak cache file ../../../../../../Users/geet/Documents/Parcial/Parcial/DerivedDataCache/Compressed.ddp not found, will not use a pak cache.
[2017.06.15-07.19.31:208][  0]LogDerivedDataCache: Unable to find inner node CompressedPak for hierarchical cache Hierarchy.
[2017.06.15-07.19.31:234][  0]LogDerivedDataCache:Display: Pak cache opened for reading ../../../Engine/DerivedDataCache/Compressed.ddp.
[2017.06.15-07.19.31:246][  0]LogDerivedDataCache: Using Local data cache path C:/Users/geet/AppData/Local/UnrealEngine/Common/DerivedDataCache: Writable
[2017.06.15-07.19.31:261][  0]LogSlate: Using Freetype 2.6.0
[2017.06.15-07.19.31:262][  0]LogSlate: SlateFontCache - WITH_FREETYPE: 1, WITH_HARFBUZZ: 1
[2017.06.15-07.19.31:262][  0]LogSlate: SlateFontCache - WITH_FREETYPE: 1, WITH_HARFBUZZ: 1
[2017.06.15-07.19.31:726][  0]LogInit: Selected Device Profile: [Windows]
[2017.06.15-07.19.31:730][  0]LogContentStreaming: Texture pool size is 0.00 MB
[2017.06.15-07.19.32:077][  0]LogMeshUtilities: Using QuadricMeshReduction for automatic static mesh reduction
[2017.06.15-07.19.32:167][  0]LogSimplygon: Simplygon DLL not present - disabling.
[2017.06.15-07.19.32:255][  0]LogMeshUtilities: Using SimplygonSwarm for distributed automatic mesh merging
[2017.06.15-07.19.32:255][  0]LogMeshUtilities: No automatic skeletal mesh reduction module available
[2017.06.15-07.19.32:255][  0]LogMeshUtilities: No automatic mesh merging module available
[2017.06.15-07.19.33:129][  0]LogNetVersion: GetLocalNetworkVersion: CL: 3299760, ProjectName: parcial, ProjectVersion: , EngineNetworkVersion: 2, GameNetworkVersion: 0, NetworkChecksum: 3858266011
[2017.06.15-07.19.33:190][  0]LogAssetRegistry: FAssetRegistry took 0.0201 seconds to start up
[2017.06.15-07.19.33:247][  0]LogPackageLocalizationCache: Processed 3 localized package path(s) for 1 prioritized culture(s) in 0.018894 seconds
[2017.06.15-07.19.33:256][  0]LogUObjectArray: 32493 objects as part of root set at end of initial load.
[2017.06.15-07.19.33:256][  0]LogUObjectAllocator: 7077024 out of 0 bytes used by permanent object pool.
[2017.06.15-07.19.33:256][  0]LogUObjectArray: CloseDisregardForGC: 0/0 objects in disregard for GC pool
[2017.06.15-07.19.33:362][  0]LogInit: WinSock: version 1.1 (2.2), MaxSocks=32767, MaxUdp=65467
[2017.06.15-07.19.36:169][  0]LogTcpMessaging: Initializing TcpMessaging bridge
[2017.06.15-07.19.36:228][  0]LogUdpMessaging: Initializing bridge on interface 0.0.0.0:0 to multicast group 230.0.0.1:6666.
[2017.06.15-07.19.37:051][  0]LogMaterial: Uniform references updated for custom material expression Custom.
[2017.06.15-07.19.37:755][  0]SourceControl: Info Source control is disabled
[2017.06.15-07.19.37:756][  0]SourceControl: Info Source control is disabled
[2017.06.15-07.19.37:848][  0]SourceControl: Info Source control is disabled
[2017.06.15-07.19.37:938][  0]SourceControl: Info Source control is disabled
[2017.06.15-07.19.40:350][  0]LogEngine: Initializing Engine...
[2017.06.15-07.19.40:351][  0]LogHMD: Failed to initialize OpenVR with code 110
[2017.06.15-07.19.40:757][  0]LogAIModule: Creating AISystem for world Untitled
[2017.06.15-07.19.40:775][  0]LogInit: XAudio2 using 'Altavoces (Realtek High Definition Audio)' : 2 channels at 48 kHz using 32 bits per sample (channel mask 0x3)
[2017.06.15-07.19.40:792][  0]LogInit: FAudioDevice initialized.
[2017.06.15-07.19.40:841][  0]LogDerivedDataCache: Saved boot cache 0.05s 50MB C:/Users/geet/AppData/Local/UnrealEngine/4.15/DerivedDataCache/Boot.ddc.
[2017.06.15-07.19.40:853][  0]LogInit: Texture streaming: Enabled
[2017.06.15-07.19.41:008][  0]LogEngineSessionManager: EngineSessionManager initialized
[2017.06.15-07.19.41:187][  0]LogInit: Transaction tracking system initialized
[2017.06.15-07.19.41:852][  0]BlueprintLog: New page: Editor Load
[2017.06.15-07.19.43:508][  0]LocalizationService: Info Localization service is disabled
[2017.06.15-07.19.44:724][  0]LogConsoleResponse:Display: 
[2017.06.15-07.19.44:932][  0]LogCook:Display: Max memory allowance for cook 16384mb min free memory 0mb
[2017.06.15-07.19.44:932][  0]LogCook:Display: Mobile HDR setting 1
[2017.06.15-07.19.45:673][  0]LogFileCache: Scanning file cache for directory 'C:/Users/geet/Documents/Parcial/Parcial/Content/' took 0.02s
[2017.06.15-07.19.46:905][  0]SourceControl: Info Source control is disabled
[2017.06.15-07.19.46:905][  0]Cmd: MAP LOAD FILE="../../../../../../Users/geet/Documents/Parcial/Parcial/Content/ThirdPersonBP/Maps/ThirdPersonExampleMap.umap" TEMPLATE=0 SHOWPROGRESS=1 FEATURELEVEL=3
[2017.06.15-07.19.46:906][  0]LightingResults: New page: Lighting Build
[2017.06.15-07.19.46:979][  0]MapCheck: New page: Map Check
[2017.06.15-07.19.46:979][  0]LightingResults: New page: Lighting Build
[2017.06.15-07.19.48:843][  0]LogAIModule: Creating AISystem for world ThirdPersonExampleMap
[2017.06.15-07.19.48:986][  0]LogEditorServer: Finished looking for orphan Actors (0.000 secs)
[2017.06.15-07.19.48:997][  0]Cmd: MAP CHECKDEP NOCLEARLOG
[2017.06.15-07.19.49:084][  0]MapCheck: Info Map check complete: 0 Error(s), 0 Warning(s), took 87.635ms to complete.
[2017.06.15-07.19.49:085][  0]LogFileHelpers: Loading map 'ThirdPersonExampleMap' took 2.180
[2017.06.15-07.19.49:474][  0]LogCollectionManager: Loaded 0 collections in 0.002878 seconds
[2017.06.15-07.19.49:680][  0]LogFileCache: Scanning file cache for directory 'C:/Users/geet/Documents/Parcial/Parcial/Saved/Collections/' took 0.01s
[2017.06.15-07.19.49:680][  0]LogFileCache: Scanning file cache for directory 'C:/Users/geet/Documents/Parcial/Parcial/Content/Developers/geet/Collections/' took 0.01s
[2017.06.15-07.19.49:680][  0]LogFileCache: Scanning file cache for directory 'C:/Users/geet/Documents/Parcial/Parcial/Content/Collections/' took 0.01s
[2017.06.15-07.19.49:680][  0]LogCollectionManager: Rebuilt the GUID cache for 0 collections in 0.000003 seconds
[2017.06.15-07.19.49:697][  0]LogContentBrowser: Native class hierarchy populated in 0.0154 seconds. Added 2245 classes and 453 folders.
[2017.06.15-07.19.49:703][  0]LogStats: UGameplayTagsManager::ConstructGameplayTagTree: Construct from data asset -  0.000 s
[2017.06.15-07.19.49:703][  0]LogStats: UGameplayTagsManager::ConstructGameplayTagTree: GameplayTagTreeChangedEvent.Broadcast -  0.000 s
[2017.06.15-07.19.49:821][  0]LogContentBrowser: Native class hierarchy updated for 'WidgetCarousel' in 0.0007 seconds. Added 0 classes and 0 folders.
[2017.06.15-07.19.50:274][  0]LogContentBrowser: Native class hierarchy updated for 'AddContentDialog' in 0.0008 seconds. Added 0 classes and 0 folders.
[2017.06.15-07.19.50:400][  0]LogContentBrowser: Native class hierarchy updated for 'SceneOutliner' in 0.0007 seconds. Added 1 classes and 2 folders.
[2017.06.15-07.19.50:695][  0]LogCrashTracker: Crashtracker disabled due to settings.
[2017.06.15-07.19.50:737][  0]LogUObjectGlobals:Warning: Failed to find object 'Class None.'
[2017.06.15-07.19.50:841][  0]LogContentBrowser: Native class hierarchy updated for 'HierarchicalLODOutliner' in 0.0008 seconds. Added 1 classes and 2 folders.
[2017.06.15-07.19.50:841][  0]LogLoad: (Engine Initialization) Total time: 29.10 seconds
[2017.06.15-07.19.50:841][  0]LogLoad: (Engine Initialization) Total Blueprint compile time: 0.29 seconds
[2017.06.15-07.19.50:841][  0]LogExternalProfiler: No external profilers were discovered.  External profiling features will not be available.
[2017.06.15-07.19.50:854][  0]LogOcInput: OculusInput pre-init called
[2017.06.15-07.19.50:875][  0]LogContentStreaming: Texture pool size now 1000 MB
[2017.06.15-07.19.50:877][  0]LogSlate: Took 0.000416 seconds to synchronously load lazily loaded font '../../../Engine/Content/Slate/Fonts/Roboto-Regular.ttf' (155K)
[2017.06.15-07.19.50:883][  0]LogSlate: Took 0.000538 seconds to synchronously load lazily loaded font '../../../Engine/Content/Slate/Fonts/Roboto-Bold.ttf' (160K)
[2017.06.15-07.19.50:919][  0]LogSlate: Took 0.007643 seconds to synchronously load lazily loaded font '../../../Engine/Content/Editor/Slate/Fonts/FontAwesome.ttf' (139K)
[2017.06.15-07.19.51:203][  0]LogSlate: Took 0.009739 seconds to synchronously load lazily loaded font '../../../Engine/Content/Slate/Fonts/Roboto-Light.ttf' (159K)
[2017.06.15-07.19.51:365][  0]LogRenderer: Reallocating scene render targets to support 856x372 NumSamples 1 (Frame:2).
[2017.06.15-07.19.51:928][  3]LogAssetRegistry: Asset discovery search completed in 18.7575 seconds
[2017.06.15-07.19.51:928][  3]LogCollectionManager: Rebuilt the object cache for 0 collections in 0.000008 seconds (found 0 objects)
[2017.06.15-07.19.51:928][  3]LogCollectionManager: Fixed up redirectors for 0 collections in 0.000028 seconds (updated 0 objects)
[2017.06.15-07.19.56:662][264]LogTemp: Repeting last play command: Selected Viewport
[2017.06.15-07.19.56:675][264]LogBlueprintUserMessages: Early PlayInEditor Detection: Level '/Game/ThirdPersonBP/Maps/ThirdPersonExampleMap.ThirdPersonExampleMap:PersistentLevel' has LevelScriptBlueprint '/Game/ThirdPersonBP/Maps/ThirdPersonExampleMap.ThirdPersonExampleMap:PersistentLevel.ThirdPersonExampleMap' with GeneratedClass '/Game/ThirdPersonBP/Maps/ThirdPersonExampleMap.ThirdPersonExampleMap_C' with ClassGeneratedBy '/Game/ThirdPersonBP/Maps/ThirdPersonExampleMap.ThirdPersonExampleMap:PersistentLevel.ThirdPersonExampleMap'
[2017.06.15-07.19.56:675][264]LogPlayLevel: PlayLevel: No blueprints needed recompiling
[2017.06.15-07.19.56:675][264]PIE: New page: PIE session: ThirdPersonExampleMap (Jun 15, 2017, 1:19:56 AM)
[2017.06.15-07.19.56:699][264]LogPlayLevel: Creating play world package: /Game/ThirdPersonBP/Maps/UEDPIE_0_ThirdPersonExampleMap
[2017.06.15-07.19.56:766][264]LogPlayLevel: PIE: StaticDuplicateObject took: (0.067809s)
[2017.06.15-07.19.56:768][264]LogAIModule: Creating AISystem for world ThirdPersonExampleMap
[2017.06.15-07.19.56:768][264]LogPlayLevel: PIE: World Init took: (0.001496s)
[2017.06.15-07.19.56:768][264]LogPlayLevel: PIE: Created PIE world by copying editor world from /Game/ThirdPersonBP/Maps/ThirdPersonExampleMap.ThirdPersonExampleMap to /Game/ThirdPersonBP/Maps/UEDPIE_0_ThirdPersonExampleMap.ThirdPersonExampleMap (0.092610s)
[2017.06.15-07.19.56:830][264]LogInit: XAudio2 using 'Altavoces (Realtek High Definition Audio)' : 2 channels at 48 kHz using 32 bits per sample (channel mask 0x3)
[2017.06.15-07.19.56:842][264]LogInit: FAudioDevice initialized.
[2017.06.15-07.19.56:972][264]LogLoad: Game class is 'ThirdPersonGameMode_C'
[2017.06.15-07.19.56:989][264]LogWorld: Bringing World /Game/ThirdPersonBP/Maps/UEDPIE_0_ThirdPersonExampleMap.ThirdPersonExampleMap up for play (max tick rate 0) at 2017.06.15-04.19.56
[2017.06.15-07.19.57:003][264]LogWorld: Bringing up level for play took: 0.015984
[2017.06.15-07.19.57:005][264]LogGameMode: FindPlayerStart: PATHS NOT DEFINED or NO PLAYERSTART with positive rating
[2017.06.15-07.19.57:097][264]LogContentBrowser: Native class hierarchy updated for 'MovieSceneCapture' in 0.0008 seconds. Added 11 classes and 0 folders.
[2017.06.15-07.19.57:110][264]PIE: Info Play in editor start time for /Game/ThirdPersonBP/Maps/UEDPIE_0_ThirdPersonExampleMap 0.558
[2017.06.15-07.19.57:144][264]LogBlueprintUserMessages: Late PlayInEditor Detection: Level '/Game/ThirdPersonBP/Maps/ThirdPersonExampleMap.ThirdPersonExampleMap:PersistentLevel' has LevelScriptBlueprint '/Game/ThirdPersonBP/Maps/ThirdPersonExampleMap.ThirdPersonExampleMap:PersistentLevel.ThirdPersonExampleMap' with GeneratedClass '/Game/ThirdPersonBP/Maps/ThirdPersonExampleMap.ThirdPersonExampleMap_C' with ClassGeneratedBy '/Game/ThirdPersonBP/Maps/ThirdPersonExampleMap.ThirdPersonExampleMap:PersistentLevel.ThirdPersonExampleMap'
[2017.06.15-07.20.31:645][654]LogBlueprintUserMessages: Early EndPlayMap Detection: Level '/Game/ThirdPersonBP/Maps/ThirdPersonExampleMap.ThirdPersonExampleMap:PersistentLevel' has LevelScriptBlueprint '/Game/ThirdPersonBP/Maps/ThirdPersonExampleMap.ThirdPersonExampleMap:PersistentLevel.ThirdPersonExampleMap' with GeneratedClass '/Game/ThirdPersonBP/Maps/ThirdPersonExampleMap.ThirdPersonExampleMap_C' with ClassGeneratedBy '/Game/ThirdPersonBP/Maps/ThirdPersonExampleMap.ThirdPersonExampleMap:PersistentLevel.ThirdPersonExampleMap'
[2017.06.15-07.20.31:723][654]LogBlueprintUserMessages: Late EndPlayMap Detection: Level '/Game/ThirdPersonBP/Maps/ThirdPersonExampleMap.ThirdPersonExampleMap:PersistentLevel' has LevelScriptBlueprint '/Game/ThirdPersonBP/Maps/ThirdPersonExampleMap.ThirdPersonExampleMap:PersistentLevel.ThirdPersonExampleMap' with GeneratedClass '/Game/ThirdPersonBP/Maps/ThirdPersonExampleMap.ThirdPersonExampleMap_C' with ClassGeneratedBy '/Game/ThirdPersonBP/Maps/ThirdPersonExampleMap.ThirdPersonExampleMap:PersistentLevel.ThirdPersonExampleMap'
[2017.06.15-07.20.52:655][791]LogTemp: Repeting last play command: Selected Viewport
[2017.06.15-07.20.52:673][791]LogBlueprintUserMessages: Early PlayInEditor Detection: Level '/Game/ThirdPersonBP/Maps/ThirdPersonExampleMap.ThirdPersonExampleMap:PersistentLevel' has LevelScriptBlueprint '/Game/ThirdPersonBP/Maps/ThirdPersonExampleMap.ThirdPersonExampleMap:PersistentLevel.ThirdPersonExampleMap' with GeneratedClass '/Game/ThirdPersonBP/Maps/ThirdPersonExampleMap.ThirdPersonExampleMap_C' with ClassGeneratedBy '/Game/ThirdPersonBP/Maps/ThirdPersonExampleMap.ThirdPersonExampleMap:PersistentLevel.ThirdPersonExampleMap'
[2017.06.15-07.20.52:673][791]LogPlayLevel: PlayLevel: No blueprints needed recompiling
[2017.06.15-07.20.52:674][791]PIE: New page: PIE session: ThirdPersonExampleMap (Jun 15, 2017, 1:20:52 AM)
[2017.06.15-07.20.52:674][791]LogPlayLevel: Creating play world package: /Game/ThirdPersonBP/Maps/UEDPIE_0_ThirdPersonExampleMap
[2017.06.15-07.20.52:744][791]LogPlayLevel: PIE: StaticDuplicateObject took: (0.070554s)
[2017.06.15-07.20.52:745][791]LogAIModule: Creating AISystem for world ThirdPersonExampleMap
[2017.06.15-07.20.52:745][791]LogPlayLevel: PIE: World Init took: (0.001177s)
[2017.06.15-07.20.52:746][791]LogPlayLevel: PIE: Created PIE world by copying editor world from /Game/ThirdPersonBP/Maps/ThirdPersonExampleMap.ThirdPersonExampleMap to /Game/ThirdPersonBP/Maps/UEDPIE_0_ThirdPersonExampleMap.ThirdPersonExampleMap (0.072040s)
[2017.06.15-07.20.52:781][791]LogInit: XAudio2 using 'Altavoces (Realtek High Definition Audio)' : 2 channels at 48 kHz using 32 bits per sample (channel mask 0x3)
[2017.06.15-07.20.52:795][791]LogInit: FAudioDevice initialized.
[2017.06.15-07.20.52:827][791]LogLoad: Game class is 'ThirdPersonGameMode_C'
[2017.06.15-07.20.52:829][791]LogWorld: Bringing World /Game/ThirdPersonBP/Maps/UEDPIE_0_ThirdPersonExampleMap.ThirdPersonExampleMap up for play (max tick rate 0) at 2017.06.15-04.20.52
[2017.06.15-07.20.52:830][791]LogWorld: Bringing up level for play took: 0.002354
[2017.06.15-07.20.52:830][791]LogGameMode: FindPlayerStart: PATHS NOT DEFINED or NO PLAYERSTART with positive rating
[2017.06.15-07.20.52:831][791]PIE: Info Play in editor start time for /Game/ThirdPersonBP/Maps/UEDPIE_0_ThirdPersonExampleMap 0.278
[2017.06.15-07.20.52:831][791]LogBlueprintUserMessages: Late PlayInEditor Detection: Level '/Game/ThirdPersonBP/Maps/ThirdPersonExampleMap.ThirdPersonExampleMap:PersistentLevel' has LevelScriptBlueprint '/Game/ThirdPersonBP/Maps/ThirdPersonExampleMap.ThirdPersonExampleMap:PersistentLevel.ThirdPersonExampleMap' with GeneratedClass '/Game/ThirdPersonBP/Maps/ThirdPersonExampleMap.ThirdPersonExampleMap_C' with ClassGeneratedBy '/Game/ThirdPersonBP/Maps/ThirdPersonExampleMap.ThirdPersonExampleMap:PersistentLevel.ThirdPersonExampleMap'
[2017.06.15-07.21.06:015][768]LogBlueprintUserMessages: Early EndPlayMap Detection: Level '/Game/ThirdPersonBP/Maps/ThirdPersonExampleMap.ThirdPersonExampleMap:PersistentLevel' has LevelScriptBlueprint '/Game/ThirdPersonBP/Maps/ThirdPersonExampleMap.ThirdPersonExampleMap:PersistentLevel.ThirdPersonExampleMap' with GeneratedClass '/Game/ThirdPersonBP/Maps/ThirdPersonExampleMap.ThirdPersonExampleMap_C' with ClassGeneratedBy '/Game/ThirdPersonBP/Maps/ThirdPersonExampleMap.ThirdPersonExampleMap:PersistentLevel.ThirdPersonExampleMap'
[2017.06.15-07.21.06:051][768]LogBlueprintUserMessages: Late EndPlayMap Detection: Level '/Game/ThirdPersonBP/Maps/ThirdPersonExampleMap.ThirdPersonExampleMap:PersistentLevel' has LevelScriptBlueprint '/Game/ThirdPersonBP/Maps/ThirdPersonExampleMap.ThirdPersonExampleMap:PersistentLevel.ThirdPersonExampleMap' with GeneratedClass '/Game/ThirdPersonBP/Maps/ThirdPersonExampleMap.ThirdPersonExampleMap_C' with ClassGeneratedBy '/Game/ThirdPersonBP/Maps/ThirdPersonExampleMap.ThirdPersonExampleMap:PersistentLevel.ThirdPersonExampleMap'
[2017.06.15-07.22.20:872][622]Cmd: SELECT NONE
[2017.06.15-07.22.21:938][691]Cmd: SELECT NONE
[2017.06.15-07.22.25:814][943]LogTemp: Repeting last play command: Selected Viewport
[2017.06.15-07.22.25:833][943]LogBlueprintUserMessages: Early PlayInEditor Detection: Level '/Game/ThirdPersonBP/Maps/ThirdPersonExampleMap.ThirdPersonExampleMap:PersistentLevel' has LevelScriptBlueprint '/Game/ThirdPersonBP/Maps/ThirdPersonExampleMap.ThirdPersonExampleMap:PersistentLevel.ThirdPersonExampleMap' with GeneratedClass '/Game/ThirdPersonBP/Maps/ThirdPersonExampleMap.ThirdPersonExampleMap_C' with ClassGeneratedBy '/Game/ThirdPersonBP/Maps/ThirdPersonExampleMap.ThirdPersonExampleMap:PersistentLevel.ThirdPersonExampleMap'
[2017.06.15-07.22.25:833][943]LogPlayLevel: PlayLevel: No blueprints needed recompiling
[2017.06.15-07.22.25:834][943]PIE: New page: PIE session: ThirdPersonExampleMap (Jun 15, 2017, 1:22:25 AM)
[2017.06.15-07.22.25:834][943]LogPlayLevel: Creating play world package: /Game/ThirdPersonBP/Maps/UEDPIE_0_ThirdPersonExampleMap
[2017.06.15-07.22.25:900][943]LogPlayLevel: PIE: StaticDuplicateObject took: (0.066521s)
[2017.06.15-07.22.25:902][943]LogAIModule: Creating AISystem for world ThirdPersonExampleMap
[2017.06.15-07.22.25:903][943]LogPlayLevel: PIE: World Init took: (0.002119s)
[2017.06.15-07.22.25:903][943]LogPlayLevel: PIE: Created PIE world by copying editor world from /Game/ThirdPersonBP/Maps/ThirdPersonExampleMap.ThirdPersonExampleMap to /Game/ThirdPersonBP/Maps/UEDPIE_0_ThirdPersonExampleMap.ThirdPersonExampleMap (0.068933s)
[2017.06.15-07.22.25:934][943]LogInit: XAudio2 using 'Altavoces (Realtek High Definition Audio)' : 2 channels at 48 kHz using 32 bits per sample (channel mask 0x3)
[2017.06.15-07.22.25:950][943]LogInit: FAudioDevice initialized.
[2017.06.15-07.22.25:981][943]LogLoad: Game class is 'ThirdPersonGameMode_C'
[2017.06.15-07.22.25:983][943]LogWorld: Bringing World /Game/ThirdPersonBP/Maps/UEDPIE_0_ThirdPersonExampleMap.ThirdPersonExampleMap up for play (max tick rate 0) at 2017.06.15-04.22.25
[2017.06.15-07.22.25:984][943]LogWorld: Bringing up level for play took: 0.002404
[2017.06.15-07.22.25:984][943]LogGameMode: FindPlayerStart: PATHS NOT DEFINED or NO PLAYERSTART with positive rating
[2017.06.15-07.22.25:985][943]PIE: Info Play in editor start time for /Game/ThirdPersonBP/Maps/UEDPIE_0_ThirdPersonExampleMap -0.57
[2017.06.15-07.22.25:985][943]LogBlueprintUserMessages: Late PlayInEditor Detection: Level '/Game/ThirdPersonBP/Maps/ThirdPersonExampleMap.ThirdPersonExampleMap:PersistentLevel' has LevelScriptBlueprint '/Game/ThirdPersonBP/Maps/ThirdPersonExampleMap.ThirdPersonExampleMap:PersistentLevel.ThirdPersonExampleMap' with GeneratedClass '/Game/ThirdPersonBP/Maps/ThirdPersonExampleMap.ThirdPersonExampleMap_C' with ClassGeneratedBy '/Game/ThirdPersonBP/Maps/ThirdPersonExampleMap.ThirdPersonExampleMap:PersistentLevel.ThirdPersonExampleMap'
[2017.06.15-07.22.45:270][362]LogBlueprintUserMessages: Early EndPlayMap Detection: Level '/Game/ThirdPersonBP/Maps/ThirdPersonExampleMap.ThirdPersonExampleMap:PersistentLevel' has LevelScriptBlueprint '/Game/ThirdPersonBP/Maps/ThirdPersonExampleMap.ThirdPersonExampleMap:PersistentLevel.ThirdPersonExampleMap' with GeneratedClass '/Game/ThirdPersonBP/Maps/ThirdPersonExampleMap.ThirdPersonExampleMap_C' with ClassGeneratedBy '/Game/ThirdPersonBP/Maps/ThirdPersonExampleMap.ThirdPersonExampleMap:PersistentLevel.ThirdPersonExampleMap'
[2017.06.15-07.22.45:309][362]LogBlueprintUserMessages: Late EndPlayMap Detection: Level '/Game/ThirdPersonBP/Maps/ThirdPersonExampleMap.ThirdPersonExampleMap:PersistentLevel' has LevelScriptBlueprint '/Game/ThirdPersonBP/Maps/ThirdPersonExampleMap.ThirdPersonExampleMap:PersistentLevel.ThirdPersonExampleMap' with GeneratedClass '/Game/ThirdPersonBP/Maps/ThirdPersonExampleMap.ThirdPersonExampleMap_C' with ClassGeneratedBy '/Game/ThirdPersonBP/Maps/ThirdPersonExampleMap.ThirdPersonExampleMap:PersistentLevel.ThirdPersonExampleMap'
[2017.06.15-07.22.48:821][580]LogEditorViewport: Clicking on Actor (LMB): StaticMeshActor (DoorLeft)
[2017.06.15-07.30.59:267][193]LogSlate: Took 0.000595 seconds to synchronously load lazily loaded font '../../../Engine/Content/Slate/Fonts/Roboto-Light.ttf' (159K)
[2017.06.15-07.30.59:271][193]LogSlate: Took 0.000517 seconds to synchronously load lazily loaded font '../../../Engine/Content/Slate/Fonts/Roboto-Light.ttf' (159K)
[2017.06.15-07.30.59:627][193]LogSavePackage: Save=229.37ms
[2017.06.15-07.30.59:627][193]LogSavePackage: Moving '../../../../../../Users/geet/Documents/Parcial/Parcial/Saved/ThirdPersonExampleMap_Auto162F4525A43E0CED6635E069B1D7EAE33.tmp' to '../../../../../../Users/geet/Documents/Parcial/Parcial/Saved/Autosaves/Game/ThirdPersonBP/Maps/ThirdPersonExampleMap_Auto1.umap'
[2017.06.15-07.30.59:631][193]LogSavePackage:Display: Finished SavePackage ../../../../../../Users/geet/Documents/Parcial/Parcial/Saved/Autosaves/Game/ThirdPersonBP/Maps/ThirdPersonExampleMap_Auto1.umap
[2017.06.15-07.30.59:633][193]LogFileHelpers: Editor autosave (incl. sublevels) for '/Game/ThirdPersonBP/Maps/ThirdPersonExampleMap' took 0.305
[2017.06.15-07.30.59:633][193]LogFileHelpers: Editor autosave (incl. sublevels) for all levels took 0.305
[2017.06.15-08.39.55:792][403]Cmd: DELETE
[2017.06.15-08.39.55:793][403]Cmd: ACTOR DELETE
[2017.06.15-08.39.55:796][403]LogEditorActor: Deleted Actor: Emitter
[2017.06.15-08.39.55:830][403]LogEditorActor: Deleted 1 Actors (0.037 secs)
[2017.06.15-08.40.04:042][864]LogEditorViewport: Clicking on Actor (LMB): Emitter (P_Smoke)
[2017.06.15-08.40.05:474][938]Cmd: DELETE
[2017.06.15-08.40.05:474][938]Cmd: ACTOR DELETE
[2017.06.15-08.40.05:475][938]LogEditorActor: Deleted Actor: Emitter
[2017.06.15-08.40.05:511][938]LogEditorActor: Deleted 1 Actors (0.036 secs)
[2017.06.15-08.40.08:001][ 97]LogEditorViewport: Clicking on Actor (LMB): Emitter (P_Steam_Lit)
[2017.06.15-08.40.44:233][  4]Cmd: EDIT COPY
[2017.06.15-08.40.45:407][ 64]Cmd: EDIT PASTE
[2017.06.15-08.40.57:786][623]Cmd: EDIT COPY
[2017.06.15-08.40.58:461][656]Cmd: EDIT PASTE
[2017.06.15-08.41.15:274][420]LogEditorViewport: Clicking on Actor (LMB): Emitter (P_Steam_Lit3)
[2017.06.15-08.41.16:057][453]LogEditorViewport: Clicking on Actor (LMB): Emitter (P_Steam_Lit3)
[2017.06.15-08.41.16:822][485]LogEditorViewport: Clicking on Actor (LMB): Emitter (P_Steam_Lit3)
[2017.06.15-08.41.17:501][513]LogEditorViewport: Clicking on Actor (LMB): Emitter (P_Steam_Lit3)
[2017.06.15-08.41.17:899][529]LogEditorViewport: Clicking on Actor (LMB): Emitter (P_Steam_Lit3)
[2017.06.15-08.41.22:936][731]LogEditorViewport: Clicking on Actor (LMB): Emitter (P_Steam_Lit2)
[2017.06.15-08.41.35:318][317]LogTemp: Repeting last play command: Selected Viewport
[2017.06.15-08.41.35:340][317]LogBlueprintUserMessages: Early PlayInEditor Detection: Level '/Game/ThirdPersonBP/Maps/ThirdPersonExampleMap.ThirdPersonExampleMap:PersistentLevel' has LevelScriptBlueprint '/Game/ThirdPersonBP/Maps/ThirdPersonExampleMap.ThirdPersonExampleMap:PersistentLevel.ThirdPersonExampleMap' with GeneratedClass '/Game/ThirdPersonBP/Maps/ThirdPersonExampleMap.ThirdPersonExampleMap_C' with ClassGeneratedBy '/Game/ThirdPersonBP/Maps/ThirdPersonExampleMap.ThirdPersonExampleMap:PersistentLevel.ThirdPersonExampleMap'
[2017.06.15-08.41.35:340][317]LogPlayLevel: PlayLevel: No blueprints needed recompiling
[2017.06.15-08.41.35:340][317]PIE: New page: PIE session: ThirdPersonExampleMap (Jun 15, 2017, 2:41:35 AM)
[2017.06.15-08.41.35:341][317]LogPlayLevel: Creating play world package: /Game/ThirdPersonBP/Maps/UEDPIE_0_ThirdPersonExampleMap
[2017.06.15-08.41.35:391][317]LogPlayLevel: PIE: StaticDuplicateObject took: (0.049829s)
[2017.06.15-08.41.35:392][317]LogAIModule: Creating AISystem for world ThirdPersonExampleMap
[2017.06.15-08.41.35:392][317]LogPlayLevel: PIE: World Init took: (0.001255s)
[2017.06.15-08.41.35:393][317]LogPlayLevel: PIE: Created PIE world by copying editor world from /Game/ThirdPersonBP/Maps/ThirdPersonExampleMap.ThirdPersonExampleMap to /Game/ThirdPersonBP/Maps/UEDPIE_0_ThirdPersonExampleMap.ThirdPersonExampleMap (0.051388s)
[2017.06.15-08.41.35:424][317]LogInit: XAudio2 using 'Altavoces (Realtek High Definition Audio)' : 2 channels at 48 kHz using 32 bits per sample (channel mask 0x3)
[2017.06.15-08.41.35:439][317]LogInit: FAudioDevice initialized.
[2017.06.15-08.41.35:469][317]LogLoad: Game class is 'ThirdPersonGameMode_C'
[2017.06.15-08.41.35:472][317]LogWorld: Bringing World /Game/ThirdPersonBP/Maps/UEDPIE_0_ThirdPersonExampleMap.ThirdPersonExampleMap up for play (max tick rate 0) at 2017.06.15-05.41.35
[2017.06.15-08.41.35:474][317]LogWorld: Bringing up level for play took: 0.004222
[2017.06.15-08.41.35:474][317]LogGameMode: FindPlayerStart: PATHS NOT DEFINED or NO PLAYERSTART with positive rating
[2017.06.15-08.41.35:475][317]PIE: Info Play in editor start time for /Game/ThirdPersonBP/Maps/UEDPIE_0_ThirdPersonExampleMap 0.831
[2017.06.15-08.41.35:476][317]LogBlueprintUserMessages: Late PlayInEditor Detection: Level '/Game/ThirdPersonBP/Maps/ThirdPersonExampleMap.ThirdPersonExampleMap:PersistentLevel' has LevelScriptBlueprint '/Game/ThirdPersonBP/Maps/ThirdPersonExampleMap.ThirdPersonExampleMap:PersistentLevel.ThirdPersonExampleMap' with GeneratedClass '/Game/ThirdPersonBP/Maps/ThirdPersonExampleMap.ThirdPersonExampleMap_C' with ClassGeneratedBy '/Game/ThirdPersonBP/Maps/ThirdPersonExampleMap.ThirdPersonExampleMap:PersistentLevel.ThirdPersonExampleMap'
[2017.06.15-08.41.45:251][964]LogBlueprintUserMessages: Early EndPlayMap Detection: Level '/Game/ThirdPersonBP/Maps/ThirdPersonExampleMap.ThirdPersonExampleMap:PersistentLevel' has LevelScriptBlueprint '/Game/ThirdPersonBP/Maps/ThirdPersonExampleMap.ThirdPersonExampleMap:PersistentLevel.ThirdPersonExampleMap' with GeneratedClass '/Game/ThirdPersonBP/Maps/ThirdPersonExampleMap.ThirdPersonExampleMap_C' with ClassGeneratedBy '/Game/ThirdPersonBP/Maps/ThirdPersonExampleMap.ThirdPersonExampleMap:PersistentLevel.ThirdPersonExampleMap'
[2017.06.15-08.41.45:321][964]LogBlueprintUserMessages: Late EndPlayMap Detection: Level '/Game/ThirdPersonBP/Maps/ThirdPersonExampleMap.ThirdPersonExampleMap:PersistentLevel' has LevelScriptBlueprint '/Game/ThirdPersonBP/Maps/ThirdPersonExampleMap.ThirdPersonExampleMap:PersistentLevel.ThirdPersonExampleMap' with GeneratedClass '/Game/ThirdPersonBP/Maps/ThirdPersonExampleMap.ThirdPersonExampleMap_C' with ClassGeneratedBy '/Game/ThirdPersonBP/Maps/ThirdPersonExampleMap.ThirdPersonExampleMap:PersistentLevel.ThirdPersonExampleMap'
[2017.06.15-08.41.50:799][227]LogEditorViewport: Clicking on Actor (LMB): Emitter (P_Steam_Lit2)
[2017.06.15-08.41.51:618][261]LogEditorViewport: Clicking on Actor (LMB): Emitter (P_Steam_Lit2)
[2017.06.15-08.41.52:342][290]LogEditorViewport: Clicking on Actor (LMB): Emitter (P_Steam_Lit2)
[2017.06.15-08.41.52:974][315]LogEditorViewport: Clicking on Actor (LMB): Emitter (P_Steam_Lit2)
[2017.06.15-08.41.56:913][504]LogEditorViewport: Clicking on Actor (LMB): Emitter (P_Steam_Lit)
[2017.06.15-08.42.35:874][976]Cmd: TRANSACTION UNDO
[2017.06.15-08.42.35:874][976]LogEditorTransaction: Undo Create Actors
[2017.06.15-08.42.35:876][976]LogPhysics:Warning: FDerivedDataPhysXCooker::BuildTriMesh: Triangle data from '/Game/ThirdPersonBP/Maps/ThirdPersonExampleMap.ThirdPersonExampleMap:PersistentLevel.ModelComponent_99' invalid (368 verts, 0 indices).
[2017.06.15-08.43.11:119][263]LogSavePackage: Save=193.14ms
[2017.06.15-08.43.11:119][263]LogSavePackage: Moving '../../../../../../Users/geet/Documents/Parcial/Parcial/Saved/ThirdPersonExampleMap_Auto238E48D6E4BB472F53912E69BA8EE30ED.tmp' to '../../../../../../Users/geet/Documents/Parcial/Parcial/Saved/Autosaves/Game/ThirdPersonBP/Maps/ThirdPersonExampleMap_Auto2.umap'
[2017.06.15-08.43.11:121][263]LogSavePackage:Display: Finished SavePackage ../../../../../../Users/geet/Documents/Parcial/Parcial/Saved/Autosaves/Game/ThirdPersonBP/Maps/ThirdPersonExampleMap_Auto2.umap
[2017.06.15-08.43.11:123][263]LogFileHelpers: Editor autosave (incl. sublevels) for '/Game/ThirdPersonBP/Maps/ThirdPersonExampleMap' took 0.253
[2017.06.15-08.43.11:123][263]LogFileHelpers: Editor autosave (incl. sublevels) for all levels took 0.253
[2017.06.15-08.53.27:321][596]LogEditorViewport: Clicking on Actor (LMB): Emitter (P_Steam_Lit3)
[2017.06.15-08.53.29:404][692]LogEditorViewport: Clicking on Actor (LMB): Emitter (P_Steam_Lit3)
[2017.06.15-08.53.30:172][726]LogEditorViewport: Clicking on Actor (LMB): Emitter (P_Steam_Lit3)
[2017.06.15-08.53.30:849][756]LogEditorViewport: Clicking on Actor (LMB): Emitter (P_Steam_Lit3)
[2017.06.15-08.53.47:059][396]LogContentBrowser: Native class hierarchy updated for 'BlueprintGraph' in 0.0014 seconds. Added 112 classes and 0 folders.
[2017.06.15-08.53.48:139][396]LogSlate: Took 0.014645 seconds to synchronously load lazily loaded font '../../../Engine/Content/Editor/Slate/Fonts/Roboto-BoldCondensed.ttf' (158K)
[2017.06.15-08.53.48:329][397]LogSlate: Took 0.010956 seconds to synchronously load lazily loaded font '../../../Engine/Content/Editor/Slate/Fonts/Roboto-Italic.ttf' (157K)
[2017.06.15-08.55.48:168][330]LogSavePackage: Save=248.47ms
[2017.06.15-08.55.48:168][330]LogSavePackage: Moving '../../../../../../Users/geet/Documents/Parcial/Parcial/Saved/ThirdPersonExampleMap_Auto3B3C3F8954E46FE18A3894A954683AC09.tmp' to '../../../../../../Users/geet/Documents/Parcial/Parcial/Saved/Autosaves/Game/ThirdPersonBP/Maps/ThirdPersonExampleMap_Auto3.umap'
[2017.06.15-08.55.48:173][330]LogSavePackage:Display: Finished SavePackage ../../../../../../Users/geet/Documents/Parcial/Parcial/Saved/Autosaves/Game/ThirdPersonBP/Maps/ThirdPersonExampleMap_Auto3.umap
[2017.06.15-08.55.48:175][330]LogFileHelpers: Editor autosave (incl. sublevels) for '/Game/ThirdPersonBP/Maps/ThirdPersonExampleMap' took 0.343
[2017.06.15-08.55.48:175][330]LogFileHelpers: Editor autosave (incl. sublevels) for all levels took 0.343
[2017.06.15-09.03.15:770][ 72]LogEditorActor: Deleted Actor: Emitter
[2017.06.15-09.03.15:827][ 72]LogEditorActor: Deleted 1 Actors (0.058 secs)
[2017.06.15-09.03.16:985][129]LogEditorActor: Deleted Actor: Emitter
[2017.06.15-09.03.17:037][129]LogEditorActor: Deleted 1 Actors (0.052 secs)
[2017.06.15-09.03.18:345][200]LogEditorActor: Deleted Actor: Emitter
[2017.06.15-09.03.18:400][200]LogEditorActor: Deleted 1 Actors (0.057 secs)
[2017.06.15-09.03.23:858][554]LogEditorViewport: Clicking on Actor (LMB): MatineeActor (MatineeActorDoorRight)
[2017.06.15-09.03.25:515][659]Cmd: DELETE
[2017.06.15-09.03.25:515][659]Cmd: ACTOR DELETE
[2017.06.15-09.03.28:100][659]LogEditorActor: Deleted Actor: MatineeActor
[2017.06.15-09.03.28:143][659]LogEditorActor: Deleted 1 Actors (2.628 secs)
[2017.06.15-09.03.29:337][741]LogEditorViewport: Clicking on Actor (LMB): MatineeActor (MatineeActorDoorLeft)
[2017.06.15-09.03.29:729][763]Cmd: DELETE
[2017.06.15-09.03.29:729][763]Cmd: ACTOR DELETE
[2017.06.15-09.03.30:585][763]LogEditorActor: Deleted Actor: MatineeActor
[2017.06.15-09.03.30:629][763]LogEditorActor: Deleted 1 Actors (0.898 secs)
[2017.06.15-09.03.31:506][823]LogEditorViewport: Clicking on Actor (LMB): TriggerBox (TriggerBoxDoorRight)
[2017.06.15-09.03.32:167][860]Cmd: DELETE
[2017.06.15-09.03.32:167][860]Cmd: ACTOR DELETE
[2017.06.15-09.03.33:137][860]LogEditorActor: Deleted Actor: TriggerBox
[2017.06.15-09.03.33:180][860]LogEditorActor: Deleted 1 Actors (1.013 secs)
[2017.06.15-09.03.34:185][929]LogEditorViewport: Clicking on Actor (LMB): StaticMeshActor (DoorLeft)
[2017.06.15-09.03.36:174][ 42]LogEditorViewport: Clicking on Actor (LMB): TriggerBox (TriggerBoxDoorLeft)
[2017.06.15-09.03.39:036][213]LogEditorViewport: Clicking on Actor (LMB): StaticMeshActor (DoorLeft)
[2017.06.15-09.03.41:965][378]LogEditorViewport: Clicking on Actor (LMB): TriggerBox (TriggerBoxDoorLeft)
[2017.06.15-09.03.43:719][488]Cmd: DELETE
[2017.06.15-09.03.43:719][488]Cmd: ACTOR DELETE
[2017.06.15-09.03.46:138][488]LogEditorActor: Deleted Actor: TriggerBox
[2017.06.15-09.03.46:182][488]LogEditorActor: Deleted 1 Actors (2.463 secs)
[2017.06.15-09.05.48:928][ 48]LogBlueprint:Warning: [Compiler PersistentLevel.ThirdPersonExampleMap] Warning Node  Unknown  is not referencing a valid level actor
[2017.06.15-09.05.48:928][ 48]LogBlueprint:Warning: [Compiler PersistentLevel.ThirdPersonExampleMap] Warning Node  Unknown  is not referencing a valid level actor
[2017.06.15-09.05.48:928][ 48]LogBlueprint:Error: [Compiler PersistentLevel.ThirdPersonExampleMap] Error Couldn't find object for bound event node  OnActorEndOverlap (None)
[2017.06.15-09.05.48:928][ 48]LogBlueprint:Error: [Compiler PersistentLevel.ThirdPersonExampleMap] Error Couldn't find object for bound event node  OnActorBeginOverlap (None)
[2017.06.15-09.05.48:929][ 48]LogBlueprint:Error: [Compiler PersistentLevel.ThirdPersonExampleMap] Error Couldn't find object for bound event node  OnActorEndOverlap (None)
[2017.06.15-09.05.48:929][ 48]LogBlueprint:Error: [Compiler PersistentLevel.ThirdPersonExampleMap] Error Couldn't find object for bound event node  OnActorBeginOverlap (None)
[2017.06.15-09.05.49:303][ 48]LogBlueprint:Warning: [Compiler PersistentLevel.ThirdPersonExampleMap] Warning [6387.44] Compile of PersistentLevel.ThirdPersonExampleMap failed. 4 Fatal Issue(s) 2 Warning(s) [in 380 ms] (/Game/ThirdPersonBP/Maps/ThirdPersonExampleMap.ThirdPersonExampleMap:PersistentLevel.ThirdPersonExampleMap)
[2017.06.15-09.05.49:304][ 48]LogBlueprint:Warning: [Compiler PersistentLevel.ThirdPersonExampleMap] Warning [6387.44] Compile of PersistentLevel.ThirdPersonExampleMap failed. 4 Fatal Issue(s) 3 Warning(s) [in 0 ms] (/Game/ThirdPersonBP/Maps/ThirdPersonExampleMap.ThirdPersonExampleMap:PersistentLevel.ThirdPersonExampleMap)
[2017.06.15-09.05.49:304][ 48]LogBlueprint:Warning: [Compiler PersistentLevel.ThirdPersonExampleMap] Warning [6387.44] Compile of PersistentLevel.ThirdPersonExampleMap failed. 4 Fatal Issue(s) 4 Warning(s) [in 0 ms] (/Game/ThirdPersonBP/Maps/ThirdPersonExampleMap.ThirdPersonExampleMap:PersistentLevel.ThirdPersonExampleMap)
[2017.06.15-09.05.49:304][ 48]LogBlueprint:Warning: [Compiler PersistentLevel.ThirdPersonExampleMap] Warning [6387.44] Compile of PersistentLevel.ThirdPersonExampleMap failed. 4 Fatal Issue(s) 5 Warning(s) [in 0 ms] (/Game/ThirdPersonBP/Maps/ThirdPersonExampleMap.ThirdPersonExampleMap:PersistentLevel.ThirdPersonExampleMap)
[2017.06.15-09.05.49:307][ 48]LogBlueprint:Warning: [Compiler PersistentLevel.ThirdPersonExampleMap] Warning [6387.45] Compile of PersistentLevel.ThirdPersonExampleMap failed. 4 Fatal Issue(s) 6 Warning(s) [in 3 ms] (/Game/ThirdPersonBP/Maps/ThirdPersonExampleMap.ThirdPersonExampleMap:PersistentLevel.ThirdPersonExampleMap)
[2017.06.15-09.05.49:307][ 48]LogBlueprint:Warning: [Compiler PersistentLevel.ThirdPersonExampleMap] Warning [6387.45] Compile of PersistentLevel.ThirdPersonExampleMap failed. 4 Fatal Issue(s) 7 Warning(s) [in 0 ms] (/Game/ThirdPersonBP/Maps/ThirdPersonExampleMap.ThirdPersonExampleMap:PersistentLevel.ThirdPersonExampleMap)
[2017.06.15-09.05.49:409][ 48]LogSavePackage: Save=490.26ms
[2017.06.15-09.05.49:409][ 48]LogSavePackage: Moving '../../../../../../Users/geet/Documents/Parcial/Parcial/Saved/ThirdPersonExampleMap_Auto4FF68F170409B07D3F39F19846CAF6386.tmp' to '../../../../../../Users/geet/Documents/Parcial/Parcial/Saved/Autosaves/Game/ThirdPersonBP/Maps/ThirdPersonExampleMap_Auto4.umap'
[2017.06.15-09.05.49:411][ 48]LogSavePackage:Display: Finished SavePackage ../../../../../../Users/geet/Documents/Parcial/Parcial/Saved/Autosaves/Game/ThirdPersonBP/Maps/ThirdPersonExampleMap_Auto4.umap
[2017.06.15-09.05.49:413][ 48]LogFileHelpers: Editor autosave (incl. sublevels) for '/Game/ThirdPersonBP/Maps/ThirdPersonExampleMap' took 0.563
[2017.06.15-09.05.49:413][ 48]LogFileHelpers: Editor autosave (incl. sublevels) for all levels took 0.563
[2017.06.15-09.22.31:121][328]LogContentBrowser: Native class hierarchy updated for 'Matinee' in 0.0010 seconds. Added 15 classes and 2 folders.
[2017.06.15-09.22.31:127][328]LogInit: Transaction tracking system initialized
[2017.06.15-09.22.31:127][328]EditorErrors: New page: Matinee Initialization
[2017.06.15-09.22.48:182][385]LogEditorViewport: Clicking on Actor (LMB): StaticMeshActor (DoorLeft)
[2017.06.15-09.24.47:538][700]LogEditorViewport: Clicking on Actor (LMB): StaticMeshActor (DoorLeft)
[2017.06.15-09.25.45:974][345]LogEditorViewport: Clicking on Actor (LMB): StaticMeshActor (DoorRight)
[2017.06.15-09.26.24:048][283]LogEditorViewport: Clicking on Actor (LMB): StaticMeshActor (DoorRight)
[2017.06.15-09.27.06:581][548]LogEditorViewport: Clicking on Actor (LMB): StaticMeshActor (DoorLeft)
[2017.06.15-09.27.08:702][676]LogExit: Transaction tracking system shut down
[2017.06.15-09.27.08:738][676]LogBlueprint:Warning: [Compiler PersistentLevel.ThirdPersonExampleMap] Warning Node  Unknown  is not referencing a valid level actor
[2017.06.15-09.27.08:738][676]LogBlueprint:Warning: [Compiler PersistentLevel.ThirdPersonExampleMap] Warning Node  Unknown  is not referencing a valid level actor
[2017.06.15-09.27.08:739][676]LogBlueprint:Error: [Compiler PersistentLevel.ThirdPersonExampleMap] Error Couldn't find object for bound event node  OnActorEndOverlap (None)
[2017.06.15-09.27.08:739][676]LogBlueprint:Error: [Compiler PersistentLevel.ThirdPersonExampleMap] Error Couldn't find object for bound event node  OnActorBeginOverlap (None)
[2017.06.15-09.27.08:739][676]LogBlueprint:Error: [Compiler PersistentLevel.ThirdPersonExampleMap] Error Couldn't find object for bound event node  OnActorEndOverlap (None)
[2017.06.15-09.27.08:739][676]LogBlueprint:Error: [Compiler PersistentLevel.ThirdPersonExampleMap] Error Couldn't find object for bound event node  OnActorBeginOverlap (None)
[2017.06.15-09.27.09:093][676]LogBlueprint:Warning: [Compiler PersistentLevel.ThirdPersonExampleMap] Warning [7667.21] Compile of PersistentLevel.ThirdPersonExampleMap failed. 4 Fatal Issue(s) 2 Warning(s) [in 360 ms] (/Game/ThirdPersonBP/Maps/ThirdPersonExampleMap.ThirdPersonExampleMap:PersistentLevel.ThirdPersonExampleMap)
[2017.06.15-09.27.09:093][676]LogBlueprint:Warning: [Compiler PersistentLevel.ThirdPersonExampleMap] Warning [7667.21] Compile of PersistentLevel.ThirdPersonExampleMap failed. 4 Fatal Issue(s) 3 Warning(s) [in 0 ms] (/Game/ThirdPersonBP/Maps/ThirdPersonExampleMap.ThirdPersonExampleMap:PersistentLevel.ThirdPersonExampleMap)
[2017.06.15-09.27.09:093][676]LogBlueprint:Warning: [Compiler PersistentLevel.ThirdPersonExampleMap] Warning [7667.21] Compile of PersistentLevel.ThirdPersonExampleMap failed. 4 Fatal Issue(s) 4 Warning(s) [in 0 ms] (/Game/ThirdPersonBP/Maps/ThirdPersonExampleMap.ThirdPersonExampleMap:PersistentLevel.ThirdPersonExampleMap)
[2017.06.15-09.27.09:093][676]LogBlueprint:Warning: [Compiler PersistentLevel.ThirdPersonExampleMap] Warning [7667.21] Compile of PersistentLevel.ThirdPersonExampleMap failed. 4 Fatal Issue(s) 5 Warning(s) [in 0 ms] (/Game/ThirdPersonBP/Maps/ThirdPersonExampleMap.ThirdPersonExampleMap:PersistentLevel.ThirdPersonExampleMap)
[2017.06.15-09.27.09:097][676]LogBlueprint:Warning: [Compiler PersistentLevel.ThirdPersonExampleMap] Warning [7667.21] Compile of PersistentLevel.ThirdPersonExampleMap failed. 4 Fatal Issue(s) 6 Warning(s) [in 3 ms] (/Game/ThirdPersonBP/Maps/ThirdPersonExampleMap.ThirdPersonExampleMap:PersistentLevel.ThirdPersonExampleMap)
[2017.06.15-09.27.09:097][676]LogBlueprint:Warning: [Compiler PersistentLevel.ThirdPersonExampleMap] Warning [7667.21] Compile of PersistentLevel.ThirdPersonExampleMap failed. 4 Fatal Issue(s) 7 Warning(s) [in 0 ms] (/Game/ThirdPersonBP/Maps/ThirdPersonExampleMap.ThirdPersonExampleMap:PersistentLevel.ThirdPersonExampleMap)
[2017.06.15-09.27.09:203][676]LogSavePackage: Save=474.62ms
[2017.06.15-09.27.09:203][676]LogSavePackage: Moving '../../../../../../Users/geet/Documents/Parcial/Parcial/Saved/ThirdPersonExampleMap_Auto5B55428D442D0B13D8BF5E7923315C1E4.tmp' to '../../../../../../Users/geet/Documents/Parcial/Parcial/Saved/Autosaves/Game/ThirdPersonBP/Maps/ThirdPersonExampleMap_Auto5.umap'
[2017.06.15-09.27.09:205][676]LogSavePackage:Display: Finished SavePackage ../../../../../../Users/geet/Documents/Parcial/Parcial/Saved/Autosaves/Game/ThirdPersonBP/Maps/ThirdPersonExampleMap_Auto5.umap
[2017.06.15-09.27.09:207][676]LogFileHelpers: Editor autosave (incl. sublevels) for '/Game/ThirdPersonBP/Maps/ThirdPersonExampleMap' took 0.551
[2017.06.15-09.27.09:207][676]LogFileHelpers: Editor autosave (incl. sublevels) for all levels took 0.551
[2017.06.15-09.29.17:745][393]LogEditorViewport: Clicking on Actor (LMB): MatineeActor (MatineeActor)
[2017.06.15-09.34.33:581][232]LogEditorViewport: Clicking on Actor (LMB): MatineeActor (MatineeActor)
[2017.06.15-09.35.43:447][577]BlueprintLog: New page: Compile ThirdPersonExampleMap
[2017.06.15-09.35.45:979][792]LogTemp: Repeting last play command: Selected Viewport
[2017.06.15-09.35.45:998][792]LogBlueprintUserMessages: Early PlayInEditor Detection: Level '/Game/ThirdPersonBP/Maps/ThirdPersonExampleMap.ThirdPersonExampleMap:PersistentLevel' has LevelScriptBlueprint '/Game/ThirdPersonBP/Maps/ThirdPersonExampleMap.ThirdPersonExampleMap:PersistentLevel.ThirdPersonExampleMap' with GeneratedClass '/Game/ThirdPersonBP/Maps/ThirdPersonExampleMap.ThirdPersonExampleMap_C' with ClassGeneratedBy '/Game/ThirdPersonBP/Maps/ThirdPersonExampleMap.ThirdPersonExampleMap:PersistentLevel.ThirdPersonExampleMap'
[2017.06.15-09.35.45:998][792]LogPlayLevel: PlayLevel: No blueprints needed recompiling
[2017.06.15-09.35.45:998][792]PIE: New page: PIE session: ThirdPersonExampleMap (Jun 15, 2017, 3:35:45 AM)
[2017.06.15-09.35.45:998][792]LogPlayLevel: Creating play world package: /Game/ThirdPersonBP/Maps/UEDPIE_0_ThirdPersonExampleMap
[2017.06.15-09.35.46:043][792]LogPlayLevel: PIE: StaticDuplicateObject took: (0.045207s)
[2017.06.15-09.35.46:044][792]LogAIModule: Creating AISystem for world ThirdPersonExampleMap
[2017.06.15-09.35.46:045][792]LogPlayLevel: PIE: World Init took: (0.001294s)
[2017.06.15-09.35.46:045][792]LogPlayLevel: PIE: Created PIE world by copying editor world from /Game/ThirdPersonBP/Maps/ThirdPersonExampleMap.ThirdPersonExampleMap to /Game/ThirdPersonBP/Maps/UEDPIE_0_ThirdPersonExampleMap.ThirdPersonExampleMap (0.046836s)
[2017.06.15-09.35.46:095][792]LogInit: XAudio2 using 'Altavoces (Realtek High Definition Audio)' : 2 channels at 48 kHz using 32 bits per sample (channel mask 0x3)
[2017.06.15-09.35.46:110][792]LogInit: FAudioDevice initialized.
[2017.06.15-09.35.46:144][792]LogLoad: Game class is 'ThirdPersonGameMode_C'
[2017.06.15-09.35.46:147][792]LogWorld: Bringing World /Game/ThirdPersonBP/Maps/UEDPIE_0_ThirdPersonExampleMap.ThirdPersonExampleMap up for play (max tick rate 0) at 2017.06.15-06.35.46
[2017.06.15-09.35.46:147][792]LogWorld: Bringing up level for play took: 0.002617
[2017.06.15-09.35.46:148][792]LogGameMode: FindPlayerStart: PATHS NOT DEFINED or NO PLAYERSTART with positive rating
[2017.06.15-09.35.46:148][792]PIE: Info Play in editor start time for /Game/ThirdPersonBP/Maps/UEDPIE_0_ThirdPersonExampleMap -0.558
[2017.06.15-09.35.46:149][792]LogBlueprintUserMessages: Late PlayInEditor Detection: Level '/Game/ThirdPersonBP/Maps/ThirdPersonExampleMap.ThirdPersonExampleMap:PersistentLevel' has LevelScriptBlueprint '/Game/ThirdPersonBP/Maps/ThirdPersonExampleMap.ThirdPersonExampleMap:PersistentLevel.ThirdPersonExampleMap' with GeneratedClass '/Game/ThirdPersonBP/Maps/ThirdPersonExampleMap.ThirdPersonExampleMap_C' with ClassGeneratedBy '/Game/ThirdPersonBP/Maps/ThirdPersonExampleMap.ThirdPersonExampleMap:PersistentLevel.ThirdPersonExampleMap'
[2017.06.15-09.35.52:628][332]LogBlueprintUserMessages: Early EndPlayMap Detection: Level '/Game/ThirdPersonBP/Maps/ThirdPersonExampleMap.ThirdPersonExampleMap:PersistentLevel' has LevelScriptBlueprint '/Game/ThirdPersonBP/Maps/ThirdPersonExampleMap.ThirdPersonExampleMap:PersistentLevel.ThirdPersonExampleMap' with GeneratedClass '/Game/ThirdPersonBP/Maps/ThirdPersonExampleMap.ThirdPersonExampleMap_C' with ClassGeneratedBy '/Game/ThirdPersonBP/Maps/ThirdPersonExampleMap.ThirdPersonExampleMap:PersistentLevel.ThirdPersonExampleMap'
[2017.06.15-09.35.52:687][332]LogBlueprintUserMessages: Late EndPlayMap Detection: Level '/Game/ThirdPersonBP/Maps/ThirdPersonExampleMap.ThirdPersonExampleMap:PersistentLevel' has LevelScriptBlueprint '/Game/ThirdPersonBP/Maps/ThirdPersonExampleMap.ThirdPersonExampleMap:PersistentLevel.ThirdPersonExampleMap' with GeneratedClass '/Game/ThirdPersonBP/Maps/ThirdPersonExampleMap.ThirdPersonExampleMap_C' with ClassGeneratedBy '/Game/ThirdPersonBP/Maps/ThirdPersonExampleMap.ThirdPersonExampleMap:PersistentLevel.ThirdPersonExampleMap'
[2017.06.15-09.37.25:347][735]LogSavePackage: Save=214.11ms
[2017.06.15-09.37.25:347][735]LogSavePackage: Moving '../../../../../../Users/geet/Documents/Parcial/Parcial/Saved/ThirdPersonExampleMap_Auto6C1F67BD047A2D2E6E15A899BDD325854.tmp' to '../../../../../../Users/geet/Documents/Parcial/Parcial/Saved/Autosaves/Game/ThirdPersonBP/Maps/ThirdPersonExampleMap_Auto6.umap'
[2017.06.15-09.37.25:348][735]LogSavePackage:Display: Finished SavePackage ../../../../../../Users/geet/Documents/Parcial/Parcial/Saved/Autosaves/Game/ThirdPersonBP/Maps/ThirdPersonExampleMap_Auto6.umap
[2017.06.15-09.37.25:351][735]LogFileHelpers: Editor autosave (incl. sublevels) for '/Game/ThirdPersonBP/Maps/ThirdPersonExampleMap' took 0.290
[2017.06.15-09.37.25:351][735]LogFileHelpers: Editor autosave (incl. sublevels) for all levels took 0.290
[2017.06.15-09.38.07:999][237]BlueprintLog: New page: Compile ThirdPersonExampleMap
[2017.06.15-09.38.10:450][444]LogTemp: Repeting last play command: Selected Viewport
[2017.06.15-09.38.10:467][444]LogBlueprintUserMessages: Early PlayInEditor Detection: Level '/Game/ThirdPersonBP/Maps/ThirdPersonExampleMap.ThirdPersonExampleMap:PersistentLevel' has LevelScriptBlueprint '/Game/ThirdPersonBP/Maps/ThirdPersonExampleMap.ThirdPersonExampleMap:PersistentLevel.ThirdPersonExampleMap' with GeneratedClass '/Game/ThirdPersonBP/Maps/ThirdPersonExampleMap.ThirdPersonExampleMap_C' with ClassGeneratedBy '/Game/ThirdPersonBP/Maps/ThirdPersonExampleMap.ThirdPersonExampleMap:PersistentLevel.ThirdPersonExampleMap'
[2017.06.15-09.38.10:467][444]LogPlayLevel: PlayLevel: No blueprints needed recompiling
[2017.06.15-09.38.10:467][444]PIE: New page: PIE session: ThirdPersonExampleMap (Jun 15, 2017, 3:38:10 AM)
[2017.06.15-09.38.10:467][444]LogPlayLevel: Creating play world package: /Game/ThirdPersonBP/Maps/UEDPIE_0_ThirdPersonExampleMap
[2017.06.15-09.38.10:509][444]LogPlayLevel: PIE: StaticDuplicateObject took: (0.041263s)
[2017.06.15-09.38.10:510][444]LogAIModule: Creating AISystem for world ThirdPersonExampleMap
[2017.06.15-09.38.10:510][444]LogPlayLevel: PIE: World Init took: (0.001319s)
[2017.06.15-09.38.10:510][444]LogPlayLevel: PIE: Created PIE world by copying editor world from /Game/ThirdPersonBP/Maps/ThirdPersonExampleMap.ThirdPersonExampleMap to /Game/ThirdPersonBP/Maps/UEDPIE_0_ThirdPersonExampleMap.ThirdPersonExampleMap (0.042909s)
[2017.06.15-09.38.10:557][444]LogInit: XAudio2 using 'Altavoces (Realtek High Definition Audio)' : 2 channels at 48 kHz using 32 bits per sample (channel mask 0x3)
[2017.06.15-09.38.10:570][444]LogInit: FAudioDevice initialized.
[2017.06.15-09.38.10:600][444]LogLoad: Game class is 'ThirdPersonGameMode_C'
[2017.06.15-09.38.10:603][444]LogWorld: Bringing World /Game/ThirdPersonBP/Maps/UEDPIE_0_ThirdPersonExampleMap.ThirdPersonExampleMap up for play (max tick rate 0) at 2017.06.15-06.38.10
[2017.06.15-09.38.10:603][444]LogWorld: Bringing up level for play took: 0.002329
[2017.06.15-09.38.10:603][444]LogGameMode: FindPlayerStart: PATHS NOT DEFINED or NO PLAYERSTART with positive rating
[2017.06.15-09.38.10:604][444]PIE: Info Play in editor start time for /Game/ThirdPersonBP/Maps/UEDPIE_0_ThirdPersonExampleMap -0.105
[2017.06.15-09.38.10:604][444]LogBlueprintUserMessages: Late PlayInEditor Detection: Level '/Game/ThirdPersonBP/Maps/ThirdPersonExampleMap.ThirdPersonExampleMap:PersistentLevel' has LevelScriptBlueprint '/Game/ThirdPersonBP/Maps/ThirdPersonExampleMap.ThirdPersonExampleMap:PersistentLevel.ThirdPersonExampleMap' with GeneratedClass '/Game/ThirdPersonBP/Maps/ThirdPersonExampleMap.ThirdPersonExampleMap_C' with ClassGeneratedBy '/Game/ThirdPersonBP/Maps/ThirdPersonExampleMap.ThirdPersonExampleMap:PersistentLevel.ThirdPersonExampleMap'
[2017.06.15-09.38.41:852][ 79]LogBlueprintUserMessages: Early EndPlayMap Detection: Level '/Game/ThirdPersonBP/Maps/ThirdPersonExampleMap.ThirdPersonExampleMap:PersistentLevel' has LevelScriptBlueprint '/Game/ThirdPersonBP/Maps/ThirdPersonExampleMap.ThirdPersonExampleMap:PersistentLevel.ThirdPersonExampleMap' with GeneratedClass '/Game/ThirdPersonBP/Maps/ThirdPersonExampleMap.ThirdPersonExampleMap_C' with ClassGeneratedBy '/Game/ThirdPersonBP/Maps/ThirdPersonExampleMap.ThirdPersonExampleMap:PersistentLevel.ThirdPersonExampleMap'
[2017.06.15-09.38.41:915][ 79]LogBlueprintUserMessages: Late EndPlayMap Detection: Level '/Game/ThirdPersonBP/Maps/ThirdPersonExampleMap.ThirdPersonExampleMap:PersistentLevel' has LevelScriptBlueprint '/Game/ThirdPersonBP/Maps/ThirdPersonExampleMap.ThirdPersonExampleMap:PersistentLevel.ThirdPersonExampleMap' with GeneratedClass '/Game/ThirdPersonBP/Maps/ThirdPersonExampleMap.ThirdPersonExampleMap_C' with ClassGeneratedBy '/Game/ThirdPersonBP/Maps/ThirdPersonExampleMap.ThirdPersonExampleMap:PersistentLevel.ThirdPersonExampleMap'
[2017.06.15-09.38.47:658][470]LogEditorViewport: Clicking on Actor (LMB): StaticMeshActor (SM_Lamp_Wall2)
[2017.06.15-09.39.08:873][926]Cmd: SELECT NONE
[2017.06.15-09.39.11:685][134]LogEditorViewport: Clicking on Actor (LMB): SkyLight (SkyLight)
[2017.06.15-09.39.15:917][413]Cmd: SELECT NONE
[2017.06.15-09.40.24:600][568]LogActorFactory: Actor Factory created Cube
[2017.06.15-09.40.25:251][608]LogActorFactory: Actor Factory created Cube
[2017.06.15-09.40.45:852][885]LogEditorViewport: Clicking on Actor (LMB): StaticMeshActor (Cube)
[2017.06.15-09.40.57:419][596]LogEditorViewport: Clicking on Actor (LMB): StaticMeshActor (Cube)
[2017.06.15-09.40.58:737][678]Cmd: DELETE
[2017.06.15-09.40.58:737][678]Cmd: ACTOR DELETE
[2017.06.15-09.40.58:738][678]LogEditorActor: Deleted Actor: StaticMeshActor
[2017.06.15-09.40.58:789][678]LogEditorActor: Deleted 1 Actors (0.052 secs)
[2017.06.15-09.41.03:251][972]Cmd: BRUSH ADD SELECTNEWBRUSH
[2017.06.15-09.41.47:149][749]Cmd: DELETE
[2017.06.15-09.41.47:149][749]Cmd: ACTOR DELETE
[2017.06.15-09.41.47:151][749]LogEditorActor: Deleted Actor: Brush
[2017.06.15-09.41.47:208][749]LogEditorActor: Deleted 1 Actors (0.058 secs)
[2017.06.15-09.41.48:800][865]Cmd: TRANSACTION UNDO
[2017.06.15-09.41.48:800][865]LogEditorTransaction: Undo Delete Actors
[2017.06.15-09.41.55:976][270]Cmd: BRUSH ADD SELECTNEWBRUSH
[2017.06.15-09.42.09:506][123]Cmd: DELETE
[2017.06.15-09.42.09:506][123]Cmd: ACTOR DELETE
[2017.06.15-09.42.09:507][123]LogEditorActor: Deleted Actor: Brush
[2017.06.15-09.42.09:555][123]LogEditorActor: Deleted 1 Actors (0.049 secs)
[2017.06.15-09.42.13:080][345]Cmd: EDIT COPY
[2017.06.15-09.42.14:634][445]Cmd: EDIT PASTE
[2017.06.15-09.43.13:001][243]LogEditorViewport: Clicking on Actor (context menu): Brush (Box Brush11)
[2017.06.15-09.43.21:114][763]Cmd: DELETE
[2017.06.15-09.43.21:114][763]Cmd: ACTOR DELETE
[2017.06.15-09.43.21:115][763]LogEditorActor: Deleted Actor: Brush
[2017.06.15-09.43.21:174][763]LogEditorActor: Deleted 1 Actors (0.060 secs)
[2017.06.15-09.43.22:888][887]Cmd: TRANSACTION UNDO
[2017.06.15-09.43.22:888][887]LogEditorTransaction: Undo Delete Actors
[2017.06.15-09.43.22:905][887]LogActorComponent: ~FComponentReregisterContext: (/Game/ThirdPersonBP/Maps/ThirdPersonExampleMap.ThirdPersonExampleMap:PersistentLevel.BoxBrush4.BrushComponent0) Component already registered.
[2017.06.15-09.43.22:906][887]LogActorComponent: ~FComponentReregisterContext: (/Game/ThirdPersonBP/Maps/ThirdPersonExampleMap.ThirdPersonExampleMap:PersistentLevel.BoxBrush.BrushComponent0) Component already registered.
[2017.06.15-09.44.39:928][909]Cmd: EDIT COPY
[2017.06.15-09.44.41:613][ 20]Cmd: EDIT PASTE
[2017.06.15-09.45.11:521][941]Cmd: EDIT COPY
[2017.06.15-09.45.12:237][985]Cmd: EDIT PASTE
[2017.06.15-09.45.39:457][709]Cmd: DELETE
[2017.06.15-09.45.39:457][709]Cmd: ACTOR DELETE
[2017.06.15-09.45.39:458][709]LogEditorActor: Deleted Actor: Brush
[2017.06.15-09.45.39:518][709]LogEditorActor: Deleted 1 Actors (0.061 secs)
[2017.06.15-09.45.42:292][892]Cmd: EDIT COPY
[2017.06.15-09.45.43:490][970]Cmd: EDIT PASTE
[2017.06.15-09.46.31:374][ 29]Cmd: EDIT COPY
[2017.06.15-09.46.33:558][172]Cmd: EDIT PASTE
[2017.06.15-09.46.49:639][177]Cmd: EDIT COPY
[2017.06.15-09.46.55:203][537]Cmd: EDIT PASTE
[2017.06.15-09.47.13:480][697]Cmd: DELETE
[2017.06.15-09.47.13:480][697]Cmd: ACTOR DELETE
[2017.06.15-09.47.13:481][697]LogEditorActor: Deleted Actor: Brush
[2017.06.15-09.47.13:546][697]LogEditorActor: Deleted 1 Actors (0.066 secs)
[2017.06.15-09.47.19:845][107]Cmd: EDIT COPY
[2017.06.15-09.47.21:914][240]Cmd: EDIT PASTE
[2017.06.15-09.49.47:988][138]LogSavePackage: Save=463.27ms
[2017.06.15-09.49.47:988][138]LogSavePackage: Moving '../../../../../../Users/geet/Documents/Parcial/Parcial/Saved/ThirdPersonExampleMap_Auto7B41514904C00EEC308FA7A95ACAE2484.tmp' to '../../../../../../Users/geet/Documents/Parcial/Parcial/Saved/Autosaves/Game/ThirdPersonBP/Maps/ThirdPersonExampleMap_Auto7.umap'
[2017.06.15-09.49.47:990][138]LogSavePackage:Display: Finished SavePackage ../../../../../../Users/geet/Documents/Parcial/Parcial/Saved/Autosaves/Game/ThirdPersonBP/Maps/ThirdPersonExampleMap_Auto7.umap
[2017.06.15-09.49.47:992][138]LogFileHelpers: Editor autosave (incl. sublevels) for '/Game/ThirdPersonBP/Maps/ThirdPersonExampleMap' took 0.551
[2017.06.15-09.49.47:992][138]LogFileHelpers: Editor autosave (incl. sublevels) for all levels took 0.551
[2017.06.15-09.51.57:058][744]LogSavePackage: Save=442.83ms
[2017.06.15-09.51.57:058][744]LogSavePackage: Moving '../../../../../../Users/geet/Documents/Parcial/Parcial/Saved/ThirdPersonExampleMap872B648B4BEF874E4A8A5EBAC417735B.tmp' to '../../../../../../Users/geet/Documents/Parcial/Parcial/Content/ThirdPersonBP/Maps/ThirdPersonExampleMap.umap'
[2017.06.15-09.51.57:084][744]LogSavePackage:Display: Finished SavePackage ../../../../../../Users/geet/Documents/Parcial/Parcial/Content/ThirdPersonBP/Maps/ThirdPersonExampleMap.umap
[2017.06.15-09.51.57:114][744]LogFileHelpers: Saving map 'ThirdPersonExampleMap' took 0.654
[2017.06.15-10.06.44:417][300]Cmd: QUIT_EDITOR
[2017.06.15-10.06.44:496][300]LogExit: Preparing to exit.
[2017.06.15-10.06.45:139][300]LogDirectoryWatcher: A directory notification for 'C:/Users/geet/Documents/Parcial/Parcial/Content/' was aborted.
[2017.06.15-10.06.45:206][300]LogExit: Editor shut down
[2017.06.15-10.06.45:207][300]LogExit: Transaction tracking system shut down
[2017.06.15-10.06.45:369][300]LogObj: Freed 0b from 0 cluster array pools.
[2017.06.15-10.06.45:371][300]LogExit: Object subsystem successfully closed.
[2017.06.15-10.06.45:386][300]LogD3D11RHI: Shutdown
[2017.06.15-10.06.45:386][300]LogD3D11RHI: CleanupD3DDevice
[2017.06.15-10.06.45:495][300]LogD3D11RHI: ~FD3D11DynamicRHI
[2017.06.15-10.06.46:073][300]LogModuleManager: Shutting down and abandoning module DistCurveEditor (508)
[2017.06.15-10.06.46:073][300]LogModuleManager: Shutting down and abandoning module Matinee (506)
[2017.06.15-10.06.46:073][300]LogModuleManager: Shutting down and abandoning module BlueprintGraph (504)
[2017.06.15-10.06.46:073][300]LogModuleManager: Shutting down and abandoning module BlueprintProfiler (502)
[2017.06.15-10.06.46:073][300]LogModuleManager: Shutting down and abandoning module MovieSceneCapture (500)
[2017.06.15-10.06.46:073][300]LogModuleManager: Shutting down and abandoning module HierarchicalLODOutliner (498)
[2017.06.15-10.06.46:073][300]LogModuleManager: Shutting down and abandoning module CrashTracker (496)
[2017.06.15-10.06.46:073][300]LogModuleManager: Shutting down and abandoning module SceneOutliner (494)
[2017.06.15-10.06.46:073][300]LogModuleManager: Shutting down and abandoning module AddContentDialog (492)
[2017.06.15-10.06.46:073][300]LogDirectoryWatcher: A directory notification for 'C:/Program Files/Epic Games/UE_4.15/FeaturePacks/' was aborted.
[2017.06.15-10.06.46:077][300]LogModuleManager: Shutting down and abandoning module WidgetCarousel (491)
[2017.06.15-10.06.46:077][300]LogModuleManager: Shutting down and abandoning module EditorWidgets (488)
[2017.06.15-10.06.46:077][300]LogModuleManager: Shutting down and abandoning module CollectionManager (486)
[2017.06.15-10.06.46:077][300]LogDirectoryWatcher: A directory notification for 'C:/Users/geet/Documents/Parcial/Parcial/Content/Collections/' was aborted.
[2017.06.15-10.06.46:078][300]LogDirectoryWatcher: A directory notification for 'C:/Users/geet/Documents/Parcial/Parcial/Content/Developers/geet/Collections/' was aborted.
[2017.06.15-10.06.46:079][300]LogDirectoryWatcher: A directory notification for 'C:/Users/geet/Documents/Parcial/Parcial/Saved/Collections/' was aborted.
[2017.06.15-10.06.46:080][300]LogModuleManager: Shutting down and abandoning module StatsViewer (484)
[2017.06.15-10.06.46:080][300]LogModuleManager: Shutting down and abandoning module FoliageEdit (482)
[2017.06.15-10.06.46:080][300]LogModuleManager: Shutting down and abandoning module LandscapeEditor (480)
[2017.06.15-10.06.46:080][300]LogModuleManager: Shutting down and abandoning module SceneDepthPickerMode (478)
[2017.06.15-10.06.46:080][300]LogModuleManager: Shutting down and abandoning module ActorPickerMode (476)
[2017.06.15-10.06.46:080][300]LogModuleManager: Shutting down and abandoning module GeometryMode (474)
[2017.06.15-10.06.46:080][300]LogModuleManager: Shutting down and abandoning module TextureAlignMode (472)
[2017.06.15-10.06.46:080][300]LogModuleManager: Shutting down and abandoning module BspMode (470)
[2017.06.15-10.06.46:081][300]LogModuleManager: Shutting down and abandoning module HardwareSurvey (468)
[2017.06.15-10.06.46:081][300]LogModuleManager: Shutting down and abandoning module SequenceRecorderSections (466)
[2017.06.15-10.06.46:081][300]LogModuleManager: Shutting down and abandoning module AutomationWorker (464)
[2017.06.15-10.06.46:081][300]LogModuleManager: Shutting down and abandoning module MatineeToLevelSequence (462)
[2017.06.15-10.06.46:081][300]LogModuleManager: Shutting down and abandoning module LevelSequenceEditor (460)
[2017.06.15-10.06.46:081][300]LogModuleManager: Shutting down and abandoning module PlacementMode (459)
[2017.06.15-10.06.46:081][300]LogModuleManager: Shutting down and abandoning module WmfMediaFactory (456)
[2017.06.15-10.06.46:081][300]LogModuleManager: Shutting down and abandoning module WmfMediaEditor (454)
[2017.06.15-10.06.46:081][300]LogModuleManager: Shutting down and abandoning module MfMediaFactory (452)
[2017.06.15-10.06.46:081][300]LogModuleManager: Shutting down and abandoning module MfMediaEditor (450)
[2017.06.15-10.06.46:081][300]LogModuleManager: Shutting down and abandoning module AvfMediaFactory (448)
[2017.06.15-10.06.46:081][300]LogModuleManager: Shutting down and abandoning module AvfMediaEditor (446)
[2017.06.15-10.06.46:081][300]LogModuleManager: Shutting down and abandoning module AndroidMediaFactory (444)
[2017.06.15-10.06.46:081][300]LogModuleManager: Shutting down and abandoning module Media (443)
[2017.06.15-10.06.46:081][300]LogModuleManager: Shutting down and abandoning module AndroidMediaEditor (440)
[2017.06.15-10.06.46:081][300]LogModuleManager: Shutting down and abandoning module CharacterAI (438)
[2017.06.15-10.06.46:081][300]LogModuleManager: Shutting down and abandoning module AudioCapture (436)
[2017.06.15-10.06.46:081][300]LogModuleManager: Shutting down and abandoning module SequenceRecorder (435)
[2017.06.15-10.06.46:081][300]LogModuleManager: Shutting down and abandoning module SmartSnapping (432)
[2017.06.15-10.06.46:081][300]LogModuleManager: Shutting down and abandoning module SessionServices (430)
[2017.06.15-10.06.46:081][300]LogModuleManager: Shutting down and abandoning module ViewportSnapping (428)
[2017.06.15-10.06.46:081][300]LogModuleManager: Shutting down and abandoning module ViewportInteraction (426)
[2017.06.15-10.06.46:081][300]LogModuleManager: Shutting down and abandoning module LogVisualizer (424)
[2017.06.15-10.06.46:081][300]LogModuleManager: Shutting down and abandoning module IntroTutorials (422)
[2017.06.15-10.06.46:081][300]LogModuleManager: Shutting down and abandoning module GameProjectGeneration (421)
[2017.06.15-10.06.46:081][300]LogModuleManager: Shutting down and abandoning module EditorLiveStreaming (418)
[2017.06.15-10.06.46:081][300]LogModuleManager: Shutting down and abandoning module IOSPlatformEditor (416)
[2017.06.15-10.06.46:081][300]LogModuleManager: Shutting down and abandoning module HTML5PlatformEditor (414)
[2017.06.15-10.06.46:081][300]LogModuleManager: Shutting down and abandoning module AndroidPlatformEditor (412)
[2017.06.15-10.06.46:081][300]LogModuleManager: Shutting down and abandoning module AndroidDeviceDetection (411)
[2017.06.15-10.06.46:955][300]LogModuleManager: Shutting down and abandoning module IOSRuntimeSettings (408)
[2017.06.15-10.06.46:955][300]LogModuleManager: Shutting down and abandoning module AndroidRuntimeSettings (406)
[2017.06.15-10.06.46:955][300]LogModuleManager: Shutting down and abandoning module InputBindingEditor (404)
[2017.06.15-10.06.46:955][300]LogModuleManager: Shutting down and abandoning module NiagaraEditor (402)
[2017.06.15-10.06.46:955][300]LogModuleManager: Shutting down and abandoning module MergeActors (400)
[2017.06.15-10.06.46:955][300]LogModuleManager: Shutting down and abandoning module SizeMap (398)
[2017.06.15-10.06.46:955][300]LogModuleManager: Shutting down and abandoning module TreeMap (396)
[2017.06.15-10.06.46:955][300]LogModuleManager: Shutting down and abandoning module ReferenceViewer (394)
[2017.06.15-10.06.46:955][300]LogModuleManager: Shutting down and abandoning module LocalizationDashboard (392)
[2017.06.15-10.06.46:955][300]LogModuleManager: Shutting down and abandoning module LocalizationService (391)
[2017.06.15-10.06.46:955][300]LogModuleManager: Shutting down and abandoning module HardwareTargeting (388)
[2017.06.15-10.06.46:955][300]LogModuleManager: Shutting down and abandoning module DeviceProfileEditor (386)
[2017.06.15-10.06.46:955][300]LogModuleManager: Shutting down and abandoning module UndoHistory (384)
[2017.06.15-10.06.46:955][300]LogModuleManager: Shutting down and abandoning module UserFeedback (382)
[2017.06.15-10.06.46:956][300]LogModuleManager: Shutting down and abandoning module XmlParser (380)
[2017.06.15-10.06.46:956][300]LogModuleManager: Shutting down and abandoning module Blutility (378)
[2017.06.15-10.06.46:956][300]LogModuleManager: Shutting down and abandoning module ProjectSettingsViewer (376)
[2017.06.15-10.06.46:956][300]LogModuleManager: Shutting down and abandoning module ProjectTargetPlatformEditor (375)
[2017.06.15-10.06.46:956][300]LogModuleManager: Shutting down and abandoning module EditorSettingsViewer (372)
[2017.06.15-10.06.46:956][300]LogModuleManager: Shutting down and abandoning module SettingsEditor (370)
[2017.06.15-10.06.46:956][300]LogModuleManager: Shutting down and abandoning module ProjectLauncher (368)
[2017.06.15-10.06.46:956][300]LogModuleManager: Shutting down and abandoning module SessionFrontend (366)
[2017.06.15-10.06.46:956][300]LogModuleManager: Shutting down and abandoning module ProfilerClient (364)
[2017.06.15-10.06.46:956][300]LogModuleManager: Shutting down and abandoning module DeviceManager (362)
[2017.06.15-10.06.46:956][300]LogModuleManager: Shutting down and abandoning module TargetDeviceServices (361)
[2017.06.15-10.06.46:996][300]LogModuleManager: Shutting down and abandoning module AutomationController (358)
[2017.06.15-10.06.46:996][300]LogModuleManager: Shutting down and abandoning module AutomationWindow (356)
[2017.06.15-10.06.46:996][300]LogModuleManager: Shutting down and abandoning module Layers (354)
[2017.06.15-10.06.46:996][300]LogModuleManager: Shutting down and abandoning module ComponentVisualizers (352)
[2017.06.15-10.06.46:996][300]LogModuleManager: Shutting down and abandoning module DetailCustomizations (350)
[2017.06.15-10.06.46:996][300]LogModuleManager: Shutting down and abandoning module PackagesDialog (348)
[2017.06.15-10.06.46:996][300]LogModuleManager: Shutting down and abandoning module Persona (346)
[2017.06.15-10.06.46:996][300]LogModuleManager: Shutting down and abandoning module AnimGraph (345)
[2017.06.15-10.06.46:996][300]LogModuleManager: Shutting down and abandoning module Kismet (342)
[2017.06.15-10.06.47:008][300]LogModuleManager: Shutting down and abandoning module GraphEditor (340)
[2017.06.15-10.06.47:008][300]LogModuleManager: Shutting down and abandoning module ClassViewer (338)
[2017.06.15-10.06.47:008][300]LogModuleManager: Shutting down and abandoning module Toolbox (336)
[2017.06.15-10.06.47:008][300]LogModuleManager: Shutting down and abandoning module ModuleUI (334)
[2017.06.15-10.06.47:008][300]LogModuleManager: Shutting down and abandoning module MovieSceneTools (332)
[2017.06.15-10.06.47:008][300]LogModuleManager: Shutting down and abandoning module OutputLog (330)
[2017.06.15-10.06.47:008][300]LogModuleManager: Shutting down and abandoning module GammaUI (328)
[2017.06.15-10.06.47:008][300]LogModuleManager: Shutting down and abandoning module Documentation (326)
[2017.06.15-10.06.47:008][300]LogModuleManager: Shutting down and abandoning module Niagara (324)
[2017.06.15-10.06.47:009][300]LogModuleManager: Shutting down and abandoning module StreamingPauseRendering (322)
[2017.06.15-10.06.47:009][300]LogModuleManager: Shutting down and abandoning module AnalyticsET (320)
[2017.06.15-10.06.47:009][300]LogModuleManager: Shutting down and abandoning module PortalServices (318)
[2017.06.15-10.06.47:009][300]LogModuleManager: Shutting down and abandoning module PortalRpc (316)
[2017.06.15-10.06.47:009][300]LogModuleManager: Shutting down and abandoning module MessagingRpc (314)
[2017.06.15-10.06.47:009][300]LogModuleManager: Shutting down and abandoning module AIModule (312)
[2017.06.15-10.06.47:009][300]LogModuleManager: Shutting down and abandoning module GameplayDebugger (311)
[2017.06.15-10.06.47:009][300]LogModuleManager: Shutting down and abandoning module AITestSuite (309)
[2017.06.15-10.06.47:009][300]LogModuleManager: Shutting down and abandoning module ProfilerService (306)
[2017.06.15-10.06.47:031][300]LogModuleManager: Shutting down and abandoning module TaskGraph (304)
[2017.06.15-10.06.47:031][300]LogModuleManager: Shutting down and abandoning module SteamVRController (302)
[2017.06.15-10.06.47:031][300]LogModuleManager: Shutting down and abandoning module SteamVR (300)
[2017.06.15-10.06.47:031][300]LogModuleManager: Shutting down and abandoning module ProceduralMeshComponentEditor (298)
[2017.06.15-10.06.47:031][300]LogModuleManager: Shutting down and abandoning module ProceduralMeshComponent (296)
[2017.06.15-10.06.47:031][300]LogModuleManager: Shutting down and abandoning module OculusLibrary (294)
[2017.06.15-10.06.47:031][300]LogModuleManager: Shutting down and abandoning module OculusInput (292)
[2017.06.15-10.06.47:031][300]LogModuleManager: Shutting down and abandoning module MobilePatchingUtils (290)
[2017.06.15-10.06.47:031][300]LogModuleManager: Shutting down and abandoning module CustomMeshComponent (288)
[2017.06.15-10.06.47:031][300]LogModuleManager: Shutting down and abandoning module CableComponent (286)
[2017.06.15-10.06.47:031][300]LogModuleManager: Shutting down and abandoning module ArchVisCharacter (284)
[2017.06.15-10.06.47:031][300]LogModuleManager: Shutting down and abandoning module MediaPlayerEditor (280)
[2017.06.15-10.06.47:032][300]LogModuleManager: Shutting down and abandoning module HTML5Networking (278)
[2017.06.15-10.06.47:032][300]LogModuleManager: Shutting down and abandoning module AlembicImporter (276)
[2017.06.15-10.06.47:032][300]LogModuleManager: Shutting down and abandoning module AlembicLibrary (275)
[2017.06.15-10.06.47:032][300]LogModuleManager: Shutting down and abandoning module GeometryCache (274)
[2017.06.15-10.06.47:032][300]LogModuleManager: Shutting down and abandoning module GeometryCacheEd (273)
[2017.06.15-10.06.47:032][300]LogModuleManager: Shutting down and abandoning module SuperSearchEditor (268)
[2017.06.15-10.06.47:032][300]LogModuleManager: Shutting down and abandoning module SuperSearch (267)
[2017.06.15-10.06.47:032][300]LogModuleManager: Shutting down and abandoning module SpeedTreeImporter (264)
[2017.06.15-10.06.47:032][300]LogModuleManager: Shutting down and abandoning module PluginBrowser (262)
[2017.06.15-10.06.47:032][300]LogModuleManager: Shutting down and abandoning module MobileLauncherProfileWizard (260)
[2017.06.15-10.06.47:032][300]LogModuleManager: Shutting down and abandoning module EpicSurvey (258)
[2017.06.15-10.06.47:032][300]LogModuleManager: Shutting down and abandoning module VisualStudioSourceCodeAccess (256)
[2017.06.15-10.06.47:032][300]LogModuleManager: Shutting down and abandoning module DesktopPlatform (255)
[2017.06.15-10.06.47:032][300]LogModuleManager: Shutting down and abandoning module UObjectPlugin (252)
[2017.06.15-10.06.47:032][300]LogModuleManager: Shutting down and abandoning module SubversionSourceControl (250)
[2017.06.15-10.06.47:032][300]LogModuleManager: Shutting down and abandoning module PerforceSourceControl (248)
[2017.06.15-10.06.47:032][300]LogModuleManager: Shutting down and abandoning module GitSourceControl (246)
[2017.06.15-10.06.47:032][300]LogModuleManager: Shutting down and abandoning module SourceControl (245)
[2017.06.15-10.06.47:032][300]LogModuleManager: Shutting down and abandoning module LightPropagationVolumeEditor (242)
[2017.06.15-10.06.47:032][300]LogModuleManager: Shutting down and abandoning module PaperTiledImporter (240)
[2017.06.15-10.06.47:032][300]LogModuleManager: Shutting down and abandoning module PaperSpriteSheetImporter (238)
[2017.06.15-10.06.47:032][300]LogModuleManager: Shutting down and abandoning module Paper2DEditor (236)
[2017.06.15-10.06.47:032][300]LogModuleManager: Shutting down and abandoning module MeshPaint (235)
[2017.06.15-10.06.47:032][300]LogModuleManager: Shutting down and abandoning module LevelEditor (233)
[2017.06.15-10.06.47:033][300]LogModuleManager: Shutting down and abandoning module PixelInspectorModule (232)
[2017.06.15-10.06.47:033][300]LogModuleManager: Shutting down and abandoning module MainFrame (230)
[2017.06.15-10.06.47:033][300]LogModuleManager: Shutting down and abandoning module HotReload (229)
[2017.06.15-10.06.47:036][300]LogModuleManager: Shutting down and abandoning module ContentBrowser (225)
[2017.06.15-10.06.47:037][300]LogModuleManager: Shutting down and abandoning module PhysXVehiclesEditor (222)
[2017.06.15-10.06.47:037][300]LogModuleManager: Shutting down and abandoning module PhysXVehicles (220)
[2017.06.15-10.06.47:037][300]LogModuleManager: Shutting down and abandoning module LocationServicesBPLibrary (218)
[2017.06.15-10.06.47:037][300]LogModuleManager: Shutting down and abandoning module UdpMessaging (216)
[2017.06.15-10.06.47:137][300]LogModuleManager: Shutting down and abandoning module TcpMessaging (214)
[2017.06.15-10.06.47:237][300]LogModuleManager: Shutting down and abandoning module GameplayTagsEditor (212)
[2017.06.15-10.06.47:237][300]LogModuleManager: Shutting down and abandoning module FacialAnimationEditor (210)
[2017.06.15-10.06.47:237][300]LogModuleManager: Shutting down and abandoning module FacialAnimation (208)
[2017.06.15-10.06.47:237][300]LogModuleManager: Shutting down and abandoning module LightPropagationVolumeRuntime (206)
[2017.06.15-10.06.47:237][300]LogModuleManager: Shutting down and abandoning module Paper2D (204)
[2017.06.15-10.06.47:237][300]LogModuleManager: Shutting down and abandoning module WindowsMoviePlayer (202)
[2017.06.15-10.06.47:237][300]LogModuleManager: Shutting down and abandoning module WmfMedia (200)
[2017.06.15-10.06.47:238][300]LogModuleManager: Shutting down and abandoning module MfMedia (198)
[2017.06.15-10.06.47:238][300]LogModuleManager: Shutting down and abandoning module MediaAssets (196)
[2017.06.15-10.06.47:238][300]LogModuleManager: Shutting down and abandoning module GameLiveStreaming (194)
[2017.06.15-10.06.47:238][300]LogModuleManager: Shutting down and abandoning module VREditor (192)
[2017.06.15-10.06.47:238][300]LogModuleManager: Shutting down and abandoning module GameplayTasksEditor (190)
[2017.06.15-10.06.47:238][300]LogModuleManager: Shutting down and abandoning module BehaviorTreeEditor (188)
[2017.06.15-10.06.47:238][300]LogModuleManager: Shutting down and abandoning module FunctionalTesting (186)
[2017.06.15-10.06.47:238][300]LogModuleManager: Shutting down and abandoning module CollisionAnalyzer (184)
[2017.06.15-10.06.47:238][300]LogModuleManager: Shutting down and abandoning module UMG (182)
[2017.06.15-10.06.47:238][300]LogModuleManager: Shutting down and abandoning module UMGEditor (181)
[2017.06.15-10.06.47:238][300]LogModuleManager: Shutting down and abandoning module Sequencer (180)
[2017.06.15-10.06.47:238][300]LogModuleManager: Shutting down and abandoning module AssetTools (178)
[2017.06.15-10.06.47:239][300]LogModuleManager: Shutting down and abandoning module MessageLog (177)
[2017.06.15-10.06.47:239][300]LogModuleManager: Shutting down and abandoning module WorkspaceMenuStructure (176)
[2017.06.15-10.06.47:239][300]LogModuleManager: Shutting down and abandoning module SlateReflector (170)
[2017.06.15-10.06.47:239][300]LogModuleManager: Shutting down and abandoning module Slate (168)
[2017.06.15-10.06.47:239][300]LogModuleManager: Shutting down and abandoning module EditorStyle (166)
[2017.06.15-10.06.47:259][300]LogModuleManager: Shutting down and abandoning module SourceCodeAccess (164)
[2017.06.15-10.06.47:259][300]LogModuleManager: Shutting down and abandoning module HeadMountedDisplay (162)
[2017.06.15-10.06.47:259][300]LogModuleManager: Shutting down and abandoning module XAudio2 (160)
[2017.06.15-10.06.47:259][300]LogModuleManager: Shutting down and abandoning module Networking (158)
[2017.06.15-10.06.47:260][300]LogModuleManager: Shutting down and abandoning module Core (154)
[2017.06.15-10.06.47:260][300]LogModuleManager: Shutting down and abandoning module AssetRegistry (152)
[2017.06.15-10.06.47:420][300]LogDirectoryWatcher: A directory notification for '../../../Engine/Content/' was aborted.
[2017.06.15-10.06.47:421][300]LogDirectoryWatcher: A directory notification for '../../../../../../Users/geet/Documents/Parcial/Parcial/Content/' was aborted.
[2017.06.15-10.06.47:422][300]LogDirectoryWatcher: A directory notification for '../../../Engine/Plugins/2D/Paper2D/Content/' was aborted.
[2017.06.15-10.06.47:423][300]LogModuleManager: Shutting down and abandoning module DirectoryWatcher (151)
[2017.06.15-10.06.47:424][300]LogModuleManager: Shutting down and abandoning module KismetCompiler (148)
[2017.06.15-10.06.47:424][300]LogModuleManager: Shutting down and abandoning module PhysXFormats (146)
[2017.06.15-10.06.47:424][300]LogModuleManager: Shutting down and abandoning module MeshUtilities (144)
[2017.06.15-10.06.47:424][300]LogModuleManager: Shutting down and abandoning module SimplygonSwarm (143)
[2017.06.15-10.06.47:424][300]LogModuleManager: Shutting down and abandoning module SimplygonMeshReduction (141)
[2017.06.15-10.06.47:424][300]LogModuleManager: Shutting down and abandoning module QuadricMeshReduction (139)
[2017.06.15-10.06.47:424][300]LogModuleManager: Shutting down and abandoning module PropertyEditor (137)
[2017.06.15-10.06.47:424][300]LogModuleManager: Shutting down and abandoning module DerivedDataCache (134)
[2017.06.15-10.06.47:516][300]LogDerivedDataCache: Shutdown
[2017.06.15-10.06.47:516][300]LogModuleManager: Shutting down and abandoning module TargetPlatform (132)
[2017.06.15-10.06.47:516][300]LogModuleManager: Shutting down and abandoning module VulkanShaderFormat (131)
[2017.06.15-10.06.47:516][300]LogModuleManager: Shutting down and abandoning module ShaderFormatOpenGL (129)
[2017.06.15-10.06.47:516][300]LogModuleManager: Shutting down and abandoning module ShaderFormatD3D (127)
[2017.06.15-10.06.47:516][300]LogModuleManager: Shutting down and abandoning module MetalShaderFormat (125)
[2017.06.15-10.06.47:516][300]LogModuleManager: Shutting down and abandoning module TextureFormatUncompressed (123)
[2017.06.15-10.06.47:516][300]LogModuleManager: Shutting down and abandoning module TextureFormatPVR (121)
[2017.06.15-10.06.47:516][300]LogModuleManager: Shutting down and abandoning module TextureFormatDXT (119)
[2017.06.15-10.06.47:516][300]LogModuleManager: Shutting down and abandoning module TextureFormatIntelISPCTexComp (117)
[2017.06.15-10.06.47:517][300]LogModuleManager: Shutting down and abandoning module TextureFormatASTC (115)
[2017.06.15-10.06.47:517][300]LogModuleManager: Shutting down and abandoning module ImageWrapper (114)
[2017.06.15-10.06.47:517][300]LogModuleManager: Shutting down and abandoning module TextureFormatAndroid (111)
[2017.06.15-10.06.47:517][300]LogModuleManager: Shutting down and abandoning module AudioFormatOpus (109)
[2017.06.15-10.06.47:517][300]LogModuleManager: Shutting down and abandoning module AudioFormatOgg (107)
[2017.06.15-10.06.47:517][300]LogModuleManager: Shutting down and abandoning module AudioFormatADPCM (105)
[2017.06.15-10.06.47:517][300]LogModuleManager: Shutting down and abandoning module LinuxTargetPlatform (103)
[2017.06.15-10.06.47:517][300]LogModuleManager: Shutting down and abandoning module LinuxServerTargetPlatform (101)
[2017.06.15-10.06.47:517][300]LogModuleManager: Shutting down and abandoning module LinuxNoEditorTargetPlatform (99)
[2017.06.15-10.06.47:517][300]LogModuleManager: Shutting down and abandoning module LinuxClientTargetPlatform (97)
[2017.06.15-10.06.47:517][300]LogModuleManager: Shutting down and abandoning module TVOSTargetPlatform (95)
[2017.06.15-10.06.47:517][300]LogModuleManager: Shutting down and abandoning module Messaging (93)
[2017.06.15-10.06.47:517][300]LogModuleManager: Shutting down and abandoning module IOSTargetPlatform (91)
[2017.06.15-10.06.47:517][300]LogModuleManager: Shutting down and abandoning module HTML5TargetPlatform (89)
[2017.06.15-10.06.47:517][300]LogModuleManager: Shutting down and abandoning module Android_PVRTCTargetPlatform (87)
[2017.06.15-10.06.47:517][300]LogModuleManager: Shutting down and abandoning module Android_MultiTargetPlatform (85)
[2017.06.15-10.06.47:517][300]LogModuleManager: Shutting down and abandoning module Android_ETC2TargetPlatform (83)
[2017.06.15-10.06.47:517][300]LogModuleManager: Shutting down and abandoning module Android_ETC1TargetPlatform (81)
[2017.06.15-10.06.47:517][300]LogModuleManager: Shutting down and abandoning module Android_DXTTargetPlatform (79)
[2017.06.15-10.06.47:517][300]LogModuleManager: Shutting down and abandoning module Android_ATCTargetPlatform (77)
[2017.06.15-10.06.47:517][300]LogModuleManager: Shutting down and abandoning module Android_ASTCTargetPlatform (75)
[2017.06.15-10.06.47:517][300]LogModuleManager: Shutting down and abandoning module AndroidTargetPlatform (73)
[2017.06.15-10.06.47:517][300]LogModuleManager: Shutting down and abandoning module WindowsTargetPlatform (71)
[2017.06.15-10.06.47:517][300]LogModuleManager: Shutting down and abandoning module WindowsServerTargetPlatform (69)
[2017.06.15-10.06.47:517][300]LogModuleManager: Shutting down and abandoning module WindowsNoEditorTargetPlatform (67)
[2017.06.15-10.06.47:517][300]LogModuleManager: Shutting down and abandoning module WindowsClientTargetPlatform (65)
[2017.06.15-10.06.47:517][300]LogModuleManager: Shutting down and abandoning module MacTargetPlatform (63)
[2017.06.15-10.06.47:517][300]LogModuleManager: Shutting down and abandoning module MacServerTargetPlatform (61)
[2017.06.15-10.06.47:517][300]LogModuleManager: Shutting down and abandoning module MacNoEditorTargetPlatform (59)
[2017.06.15-10.06.47:517][300]LogModuleManager: Shutting down and abandoning module MacClientTargetPlatform (57)
[2017.06.15-10.06.47:517][300]LogModuleManager: Shutting down and abandoning module AllDesktopTargetPlatform (55)
[2017.06.15-10.06.47:517][300]LogModuleManager: Shutting down and abandoning module InputCore (52)
[2017.06.15-10.06.47:517][300]LogModuleManager: Shutting down and abandoning module Settings (50)
[2017.06.15-10.06.47:517][300]LogModuleManager: Shutting down and abandoning module OculusRift (48)
[2017.06.15-10.06.47:517][300]LogModuleManager: Shutting down and abandoning module GearVR (46)
[2017.06.15-10.06.47:517][300]LogModuleManager: Shutting down and abandoning module ExampleDeviceProfileSelector (44)
[2017.06.15-10.06.47:517][300]LogModuleManager: Shutting down and abandoning module OnlineBlueprintSupport (42)
[2017.06.15-10.06.47:517][300]LogModuleManager: Shutting down and abandoning module OnlineSubsystem (38)
[2017.06.15-10.06.47:517][300]LogOnline:Display: Unloading online subsystem: NULL
[2017.06.15-10.06.47:517][300]LogModuleManager: Shutting down and abandoning module XMPP (37)
[2017.06.15-10.06.47:517][300]LogModuleManager: Shutting down and abandoning module HTTP (35)
[2017.06.15-10.06.47:517][300]LogHttp:Display: Http module shutting down, but needs to wait on 1 outstanding Http requests:
[2017.06.15-10.06.47:517][300]LogHttp:Display: 	verb=[POST] url=[https://datarouter.ol.epicgames.com/datarouter/api/v1/public/data?SessionID=%7B750C87AA-4F41-5057-A1C0-CEA86AAA714A%7D&AppID=UEEditor.Rocket.Release&AppVersion=4.15.1-3348071%2B%2B%2BUE4%2BRelease-4.15&UserID=9d82dda6450a6327951ce4958c1152d8%7C7956498887b441cab5dbe5b82ecd300c%7C4a398574-86da-409a-bade-182b1d4c49b7&AppEnvironment=datacollector-binary&UploadType=eteventstream] status=Processing
[2017.06.15-10.06.47:526][300]LogModuleManager: Shutting down and abandoning module SSL (34)
[2017.06.15-10.06.47:527][300]LogModuleManager: Shutting down and abandoning module AudioEditor (30)
[2017.06.15-10.06.47:527][300]LogModuleManager: Shutting down and abandoning module TextureCompressor (28)
[2017.06.15-10.06.47:528][300]LogModuleManager: Shutting down and abandoning module ShaderCore (26)
[2017.06.15-10.06.47:528][300]LogModuleManager: Shutting down and abandoning module Landscape (24)
[2017.06.15-10.06.47:528][300]LogModuleManager: Shutting down and abandoning module SlateRHIRenderer (22)
[2017.06.15-10.06.47:531][300]LogModuleManager: Shutting down and abandoning module OpenGLDrv (20)
[2017.06.15-10.06.47:532][300]LogModuleManager: Shutting down and abandoning module D3D11RHI (18)
[2017.06.15-10.06.47:532][300]LogModuleManager: Shutting down and abandoning module AnimGraphRuntime (16)
[2017.06.15-10.06.47:532][300]LogModuleManager: Shutting down and abandoning module Renderer (14)
[2017.06.15-10.06.47:532][300]LogModuleManager: Shutting down and abandoning module Engine (12)
[2017.06.15-10.06.47:532][300]LogModuleManager: Shutting down and abandoning module CoreUObject (10)
[2017.06.15-10.06.47:532][300]LogModuleManager: Shutting down and abandoning module NetworkFile (8)
[2017.06.15-10.06.47:532][300]LogModuleManager: Shutting down and abandoning module StreamingFile (6)
[2017.06.15-10.06.47:532][300]LogModuleManager: Shutting down and abandoning module SandboxFile (4)
[2017.06.15-10.06.47:532][300]LogModuleManager: Shutting down and abandoning module PakFile (2)
[2017.06.15-10.06.47:533][300]LogExit: Exiting.
[2017.06.15-10.06.47:535][300]Log file closed, 06/15/17 07:06:47
